2023-09-20 22:24:23,866 [INFO] Activator:176 - 


2023-09-20 22:24:23,868 [INFO] Activator:177 - !SESSION log4j initialized
2023-09-20 22:24:26,249 [INFO] LogOutputStream:77 - [STDOUT_REDIRECT] 
2023-09-20 22:24:28,659 [INFO] ApplicationProperties:184 - Using Application install path: /home/caleb/st/stm32cubeide_1.13.2_2/plugins/com.st.stm32cube.common.mx_6.9.2.202309101412
2023-09-20 22:24:28,678 [INFO] DbMcusXml:78 - Set database path to: /home/caleb/st/stm32cubeide_1.13.2_2/plugins/com.st.stm32cube.common.mx_6.9.2.202309101412//db//mcu/
2023-09-20 22:24:28,679 [INFO] ApiDb:274 - Set plugin database path to: /home/caleb/st/stm32cubeide_1.13.2_2/plugins/com.st.stm32cube.common.mx_6.9.2.202309101412//db//plugins/boardmanager/
2023-09-20 22:24:28,679 [WARN] ApiDb:259 - Overriding images path with different value:  => /home/caleb/st/stm32cubeide_1.13.2_2/plugins/com.st.stm32cube.common.mx_6.9.2.202309101412//db//plugins/mcufinder/images/
2023-09-20 22:24:29,361 [WARN] ApiFinderProperties:113 - /home/caleb/.stmcufinder/plugins/mcufinder/mcu/mcuFinder.mfd doesn't exist
2023-09-20 22:24:29,361 [INFO] ApiDb:250 - Set database path to: /home/caleb/.stmcufinder/plugins/mcufinder//mcu/
2023-09-20 22:24:29,363 [INFO] DbMcusAds:125 - Set database path to: /home/caleb/.stmcufinder/plugins/mcufinder//mcu/
2023-09-20 22:24:29,365 [INFO] CrossReferenceDbSqlite:203 - Set database path to: /home/caleb/.stmcufinder/plugins/mcufinder//mcu/cs/
2023-09-20 22:24:29,501 [INFO] RulesReader:64 - Compatibility file has been processed (293 Rules)
2023-09-20 22:24:29,558 [INFO] DbMcusXml:78 - Set database path to: /home/caleb/st/stm32cubeide_1.13.2_2/plugins/com.st.stm32cube.common.mx_6.9.2.202309101412//db//mcu/
2023-09-20 22:24:29,558 [INFO] ApiDb:274 - Set plugin database path to: /home/caleb/st/stm32cubeide_1.13.2_2/plugins/com.st.stm32cube.common.mx_6.9.2.202309101412//db//plugins/boardmanager/
2023-09-20 22:24:29,558 [INFO] ApiDb:261 - Set plugin images path to: /home/caleb/st/stm32cubeide_1.13.2_2/plugins/com.st.stm32cube.common.mx_6.9.2.202309101412//db//plugins/mcufinder/images/
2023-09-20 22:24:29,558 [WARN] DbFile:41 - Overriding database path with different value: /home/caleb/.stmcufinder/plugins/mcufinder/ => /home/caleb/.stmcufinder/plugins/mcufinder
2023-09-20 22:24:29,559 [INFO] ApiDb:250 - Set database path to: /home/caleb/.stmcufinder/plugins/mcufinder//mcu/
2023-09-20 22:24:29,559 [WARN] DbFile:41 - Overriding database path with different value: /home/caleb/.stmcufinder/plugins/mcufinder/ => /home/caleb/.stmcufinder/plugins/mcufinder
2023-09-20 22:24:29,559 [INFO] DbMcusAds:125 - Set database path to: /home/caleb/.stmcufinder/plugins/mcufinder//mcu/
2023-09-20 22:24:29,559 [WARN] DbFile:41 - Overriding database path with different value: /home/caleb/.stmcufinder/plugins/mcufinder/ => /home/caleb/.stmcufinder/plugins/mcufinder
2023-09-20 22:24:29,559 [WARN] DbFile:41 - Overriding database path with different value: /home/caleb/.stmcufinder/plugins/mcufinder/ => /home/caleb/.stmcufinder/plugins/mcufinder
2023-09-20 22:24:29,559 [INFO] CrossReferenceDbSqlite:203 - Set database path to: /home/caleb/.stmcufinder/plugins/mcufinder//mcu/cs/
2023-09-20 22:24:29,646 [INFO] MainPanel:262 - HeapMemory: 268435456
2023-09-20 22:24:29,753 [INFO] DbMcusXml:78 - Set database path to: /home/caleb/st/stm32cubeide_1.13.2_2/plugins/com.st.stm32cube.common.mx_6.9.2.202309101412//db//mcu/
2023-09-20 22:24:29,753 [INFO] ApiDb:274 - Set plugin database path to: /home/caleb/st/stm32cubeide_1.13.2_2/plugins/com.st.stm32cube.common.mx_6.9.2.202309101412//db//plugins/boardmanager/
2023-09-20 22:24:29,754 [INFO] ApiDb:261 - Set plugin images path to: /home/caleb/st/stm32cubeide_1.13.2_2/plugins/com.st.stm32cube.common.mx_6.9.2.202309101412//db//plugins/mcufinder/images/
2023-09-20 22:24:29,754 [WARN] DbFile:41 - Overriding database path with different value: /home/caleb/.stmcufinder/plugins/mcufinder/ => /home/caleb/.stmcufinder/plugins/mcufinder
2023-09-20 22:24:29,754 [INFO] ApiDb:250 - Set database path to: /home/caleb/.stmcufinder/plugins/mcufinder//mcu/
2023-09-20 22:24:29,754 [WARN] DbFile:41 - Overriding database path with different value: /home/caleb/.stmcufinder/plugins/mcufinder/ => /home/caleb/.stmcufinder/plugins/mcufinder
2023-09-20 22:24:29,755 [INFO] DbMcusAds:125 - Set database path to: /home/caleb/.stmcufinder/plugins/mcufinder//mcu/
2023-09-20 22:24:29,755 [WARN] DbFile:41 - Overriding database path with different value: /home/caleb/.stmcufinder/plugins/mcufinder/ => /home/caleb/.stmcufinder/plugins/mcufinder
2023-09-20 22:24:29,755 [WARN] DbFile:41 - Overriding database path with different value: /home/caleb/.stmcufinder/plugins/mcufinder/ => /home/caleb/.stmcufinder/plugins/mcufinder
2023-09-20 22:24:29,755 [INFO] CrossReferenceDbSqlite:203 - Set database path to: /home/caleb/.stmcufinder/plugins/mcufinder//mcu/cs/
2023-09-20 22:24:29,773 [INFO] ApplicationProperties:184 - Using Application install path: /home/caleb/st/stm32cubeide_1.13.2_2/plugins/com.st.stm32cube.common.mx_6.9.2.202309101412
2023-09-20 22:24:29,775 [INFO] PluginManage:196 - Search for loadable plugins [exclusion list=, ]
2023-09-20 22:24:29,776 [INFO] PluginManage:310 - Check plugin analytics
2023-09-20 22:24:30,372 [INFO] AnalyticsPlugin:253 - Accepted Software Licenses: 
2023-09-20 22:24:30,372 [INFO] AnalyticsPlugin:255 - Accepted CMSIS Pack Licenses: 
2023-09-20 22:24:30,373 [INFO] AnalyticsPlugin:257 - Accepted Firmware Licenses: 
2023-09-20 22:24:30,376 [INFO] PluginManage:359 - Loaded plugin analytics (category:tool,tabindex:-1)
2023-09-20 22:24:30,376 [INFO] PluginManage:310 - Check plugin cadmodel
2023-09-20 22:24:30,489 [INFO] CADModel:105 - Init CAD model plugin
2023-09-20 22:24:30,489 [INFO] PluginManage:359 - Loaded plugin cadmodel (category:power,tabindex:5)
2023-09-20 22:24:30,489 [INFO] PluginManage:310 - Check plugin clock
2023-09-20 22:24:30,529 [INFO] PluginManage:359 - Loaded plugin clock (category:base,tabindex:2)
2023-09-20 22:24:30,530 [INFO] PluginManage:310 - Check plugin ddr
2023-09-20 22:24:30,532 [INFO] PluginManage:359 - Loaded plugin ddr (category:tool,tabindex:6)
2023-09-20 22:24:30,532 [INFO] PluginManage:310 - Check plugin filemanager
2023-09-20 22:24:30,704 [INFO] PluginManage:359 - Loaded plugin filemanager (category:base,tabindex:10)
2023-09-20 22:24:30,704 [INFO] PluginManage:310 - Check plugin ipmanager
2023-09-20 22:24:30,714 [INFO] PluginManage:359 - Loaded plugin ipmanager (category:base,tabindex:5)
2023-09-20 22:24:30,714 [INFO] PluginManage:310 - Check plugin lpbam
2023-09-20 22:24:30,730 [INFO] PluginManage:359 - Loaded plugin lpbam (category:base,tabindex:0)
2023-09-20 22:24:30,730 [INFO] PluginManage:310 - Check plugin memorymap
2023-09-20 22:24:30,746 [INFO] PluginManage:359 - Loaded plugin memorymap (category:base,tabindex:4)
2023-09-20 22:24:30,747 [INFO] PluginManage:310 - Check plugin pinoutandconfiguration
2023-09-20 22:24:30,756 [INFO] PluginManage:359 - Loaded plugin pinoutandconfiguration (category:base,tabindex:1)
2023-09-20 22:24:30,757 [INFO] PluginManage:310 - Check plugin pinoutconfig
2023-09-20 22:24:30,867 [WARN] SupportedApi:132 - Cannot load RTOS API schema: s4s-elt-must-match.1: The content of 'definitions' must match (annotation?, (simpleType | complexType)?, (unique | key | keyref)*)). A problem was found starting at: attribute.
2023-09-20 22:24:31,032 [INFO] PluginManage:359 - Loaded plugin pinoutconfig (category:base,tabindex:0)
2023-09-20 22:24:31,032 [INFO] PluginManage:310 - Check plugin power
2023-09-20 22:24:31,052 [INFO] PluginManage:359 - Loaded plugin power (category:power,tabindex:4)
2023-09-20 22:24:31,052 [INFO] PluginManage:310 - Check plugin projectmanager
2023-09-20 22:24:31,077 [INFO] PluginManage:359 - Loaded plugin projectmanager (category:projectmanager,tabindex:3)
2023-09-20 22:24:31,078 [INFO] PluginManage:310 - Check plugin thirdparty
2023-09-20 22:24:31,216 [INFO] PluginManage:359 - Loaded plugin thirdparty (category:base,tabindex:-1)
2023-09-20 22:24:31,217 [INFO] PluginManage:310 - Check plugin tools
2023-09-20 22:24:31,216 [WARN] IntegrityCheckThread:84 - waiting for thirdparty lock release [integrity check]
2023-09-20 22:24:31,217 [INFO] IntegrityCheckThread:86 - entering critical section [integrity check]
2023-09-20 22:24:31,218 [INFO] ThirdPartyUpdaterWithRetryManager:70 - Updater plugin not ready yet. [1/15]
2023-09-20 22:24:31,219 [INFO] PluginManage:359 - Loaded plugin tools (category:base,tabindex:7)
2023-09-20 22:24:31,219 [INFO] PluginManage:310 - Check plugin tutovideos
2023-09-20 22:24:31,437 [INFO] PluginManage:359 - Loaded plugin tutovideos (category:base,tabindex:-1)
2023-09-20 22:24:31,437 [INFO] PluginManage:310 - Check plugin updater
2023-09-20 22:24:31,452 [INFO] PluginManage:359 - Loaded plugin updater (category:base,tabindex:12)
2023-09-20 22:24:31,452 [INFO] PluginManage:310 - Check plugin userauth
2023-09-20 22:24:31,462 [INFO] UserAuth:113 - Init User Auth plugin
2023-09-20 22:24:31,462 [INFO] PluginManage:359 - Loaded plugin userauth (category:base,tabindex:14)
2023-09-20 22:24:31,463 [INFO] PluginManage:283 - PluginManage : Loaded plugins [17]
2023-09-20 22:24:31,758 [INFO] PinOutPanel:1499 - setPackage(No Configuration,No Configuration)
2023-09-20 22:24:31,864 [INFO] CADModel:165 - CPN selected for project level
2023-09-20 22:24:31,864 [INFO] CADModel:114 - Register for checkConnection events
2023-09-20 22:24:31,883 [INFO] IPUIPlugin:80 - create IPUIPlugin
2023-09-20 22:24:31,883 [INFO] PluginManager:220 - loadIPPluginJar : add cryp
2023-09-20 22:24:31,886 [INFO] IPUIPlugin:80 - create IPUIPlugin
2023-09-20 22:24:31,886 [INFO] PluginManager:220 - loadIPPluginJar : add aes
2023-09-20 22:24:31,891 [INFO] IPUIPlugin:80 - create IPUIPlugin
2023-09-20 22:24:31,892 [INFO] PluginManager:220 - loadIPPluginJar : add openamp
2023-09-20 22:24:31,901 [INFO] IPUIPlugin:80 - create IPUIPlugin
2023-09-20 22:24:31,902 [INFO] PluginManager:220 - loadIPPluginJar : add gpio
2023-09-20 22:24:31,905 [INFO] IPUIPlugin:80 - create IPUIPlugin
2023-09-20 22:24:31,906 [INFO] PluginManager:220 - loadIPPluginJar : add genericplugin
2023-09-20 22:24:31,910 [INFO] IPUIPlugin:80 - create IPUIPlugin
2023-09-20 22:24:31,910 [INFO] PluginManager:220 - loadIPPluginJar : add usbx
2023-09-20 22:24:31,913 [INFO] IPUIPlugin:80 - create IPUIPlugin
2023-09-20 22:24:31,914 [INFO] PluginManager:220 - loadIPPluginJar : add tracer_emb
2023-09-20 22:24:31,923 [INFO] IPUIPlugin:80 - create IPUIPlugin
2023-09-20 22:24:31,924 [INFO] PluginManager:220 - loadIPPluginJar : add linkedlist
2023-09-20 22:24:31,926 [INFO] IPUIPlugin:80 - create IPUIPlugin
2023-09-20 22:24:31,927 [INFO] PluginManager:220 - loadIPPluginJar : add ts
2023-09-20 22:24:31,929 [INFO] IPUIPlugin:80 - create IPUIPlugin
2023-09-20 22:24:31,929 [INFO] PluginManager:220 - loadIPPluginJar : add gfxmmu
2023-09-20 22:24:31,932 [INFO] IPUIPlugin:80 - create IPUIPlugin
2023-09-20 22:24:31,933 [INFO] PluginManager:220 - loadIPPluginJar : add i2c
2023-09-20 22:24:31,935 [INFO] IPUIPlugin:80 - create IPUIPlugin
2023-09-20 22:24:31,936 [INFO] PluginManager:220 - loadIPPluginJar : add lorawan
2023-09-20 22:24:31,942 [INFO] IPUIPlugin:80 - create IPUIPlugin
2023-09-20 22:24:31,943 [INFO] PluginManager:220 - loadIPPluginJar : add ipddr
2023-09-20 22:24:31,950 [INFO] IPUIPlugin:80 - create IPUIPlugin
2023-09-20 22:24:31,950 [INFO] PluginManager:220 - loadIPPluginJar : add gic
2023-09-20 22:24:31,956 [INFO] IPUIPlugin:80 - create IPUIPlugin
2023-09-20 22:24:31,956 [INFO] PluginManager:220 - loadIPPluginJar : add touchsensing
2023-09-20 22:24:31,965 [INFO] IPUIPlugin:80 - create IPUIPlugin
2023-09-20 22:24:31,965 [INFO] PluginManager:220 - loadIPPluginJar : add mdma
2023-09-20 22:24:31,968 [INFO] IPUIPlugin:80 - create IPUIPlugin
2023-09-20 22:24:31,968 [INFO] PluginManager:220 - loadIPPluginJar : add i3c
2023-09-20 22:24:31,972 [INFO] IPUIPlugin:80 - create IPUIPlugin
2023-09-20 22:24:31,972 [INFO] PluginManager:220 - loadIPPluginJar : add dma3
2023-09-20 22:24:31,976 [INFO] IPUIPlugin:80 - create IPUIPlugin
2023-09-20 22:24:31,976 [INFO] PluginManager:220 - loadIPPluginJar : add spi
2023-09-20 22:24:31,981 [INFO] IPUIPlugin:80 - create IPUIPlugin
2023-09-20 22:24:31,982 [INFO] PluginManager:220 - loadIPPluginJar : add usart
2023-09-20 22:24:31,986 [INFO] IPUIPlugin:80 - create IPUIPlugin
2023-09-20 22:24:31,987 [INFO] PluginManager:220 - loadIPPluginJar : add gtzc
2023-09-20 22:24:32,018 [INFO] IPUIPlugin:80 - create IPUIPlugin
2023-09-20 22:24:32,018 [INFO] PluginManager:220 - loadIPPluginJar : add dfsdm
2023-09-20 22:24:32,021 [INFO] IPUIPlugin:80 - create IPUIPlugin
2023-09-20 22:24:32,022 [INFO] PluginManager:220 - loadIPPluginJar : add comp
2023-09-20 22:24:32,024 [INFO] IPUIPlugin:80 - create IPUIPlugin
2023-09-20 22:24:32,025 [INFO] PluginManager:220 - loadIPPluginJar : add ltdc
2023-09-20 22:24:32,032 [INFO] IPUIPlugin:80 - create IPUIPlugin
2023-09-20 22:24:32,032 [INFO] PluginManager:220 - loadIPPluginJar : add freertos
2023-09-20 22:24:32,037 [INFO] IPUIPlugin:80 - create IPUIPlugin
2023-09-20 22:24:32,037 [INFO] PluginManager:220 - loadIPPluginJar : add sai
2023-09-20 22:24:32,039 [INFO] IPUIPlugin:80 - create IPUIPlugin
2023-09-20 22:24:32,040 [INFO] PluginManager:220 - loadIPPluginJar : add tsc
2023-09-20 22:24:32,050 [INFO] IPUIPlugin:80 - create IPUIPlugin
2023-09-20 22:24:32,053 [INFO] PluginManager:220 - loadIPPluginJar : add plateformsettings
2023-09-20 22:24:32,061 [INFO] IPUIPlugin:80 - create IPUIPlugin
2023-09-20 22:24:32,061 [INFO] PluginManager:220 - loadIPPluginJar : add fmc
2023-09-20 22:24:32,063 [INFO] IPUIPlugin:80 - create IPUIPlugin
2023-09-20 22:24:32,063 [INFO] PluginManager:220 - loadIPPluginJar : add fatfs
2023-09-20 22:24:32,065 [INFO] IPUIPlugin:80 - create IPUIPlugin
2023-09-20 22:24:32,065 [INFO] PluginManager:220 - loadIPPluginJar : add quadspi
2023-09-20 22:24:32,068 [INFO] IPUIPlugin:80 - create IPUIPlugin
2023-09-20 22:24:32,068 [INFO] PluginManager:220 - loadIPPluginJar : add opamp
2023-09-20 22:24:32,070 [INFO] IPUIPlugin:80 - create IPUIPlugin
2023-09-20 22:24:32,070 [INFO] PluginManager:220 - loadIPPluginJar : add ucpd
2023-09-20 22:24:32,073 [INFO] IPUIPlugin:80 - create IPUIPlugin
2023-09-20 22:24:32,074 [INFO] PluginManager:220 - loadIPPluginJar : add can
2023-09-20 22:24:32,076 [INFO] IPUIPlugin:80 - create IPUIPlugin
2023-09-20 22:24:32,077 [INFO] PluginManager:220 - loadIPPluginJar : add tim
2023-09-20 22:24:32,080 [INFO] IPUIPlugin:80 - create IPUIPlugin
2023-09-20 22:24:32,081 [INFO] PluginManager:220 - loadIPPluginJar : add pdm2pcm
2023-09-20 22:24:32,085 [INFO] IPUIPlugin:80 - create IPUIPlugin
2023-09-20 22:24:32,085 [INFO] PluginManager:220 - loadIPPluginJar : add resmgrutility
2023-09-20 22:24:32,089 [INFO] IPUIPlugin:80 - create IPUIPlugin
2023-09-20 22:24:32,089 [INFO] PluginManager:220 - loadIPPluginJar : add i2s
2023-09-20 22:24:32,092 [INFO] IPUIPlugin:80 - create IPUIPlugin
2023-09-20 22:24:32,092 [INFO] PluginManager:220 - loadIPPluginJar : add hash
2023-09-20 22:24:32,097 [INFO] IPUIPlugin:80 - create IPUIPlugin
2023-09-20 22:24:32,097 [INFO] PluginManager:220 - loadIPPluginJar : add nvic
2023-09-20 22:24:32,104 [INFO] IPUIPlugin:80 - create IPUIPlugin
2023-09-20 22:24:32,105 [INFO] PluginManager:220 - loadIPPluginJar : add dma
2023-09-20 22:24:32,110 [INFO] IPUIPlugin:80 - create IPUIPlugin
2023-09-20 22:24:32,111 [INFO] PluginManager:220 - loadIPPluginJar : add stm32_wpan
2023-09-20 22:24:32,117 [INFO] IPUIPlugin:80 - create IPUIPlugin
2023-09-20 22:24:32,117 [INFO] PluginManager:220 - loadIPPluginJar : add adc
2023-09-20 22:24:32,225 [INFO] CADModel:165 - CPN selected for project level
2023-09-20 22:24:32,225 [INFO] CADModel:114 - Register for checkConnection events
2023-09-20 22:24:32,226 [FATAL] Updater:308 - Updater called before beeing initialized
2023-09-20 22:24:32,226 [ERROR] CADModel:125 - Updater not yet initialized, retry later 
2023-09-20 22:24:32,365 [INFO] CADModel:165 - CPN selected for project level
2023-09-20 22:24:32,365 [INFO] CADModel:114 - Register for checkConnection events
2023-09-20 22:24:32,365 [FATAL] Updater:308 - Updater called before beeing initialized
2023-09-20 22:24:32,365 [ERROR] CADModel:125 - Updater not yet initialized, retry later 
2023-09-20 22:24:32,369 [FATAL] Updater:308 - Updater called before beeing initialized
2023-09-20 22:24:32,472 [FATAL] Updater:308 - Updater called before beeing initialized
2023-09-20 22:24:32,480 [INFO] DbMcusAds:53 - JSON generation date=Thu Sep 30 19:55:09 NZDT 2021 (1632984909247)
2023-09-20 22:24:32,481 [FATAL] Updater:308 - Updater called before beeing initialized
2023-09-20 22:24:32,532 [WARN] DetailPanel:346 - Failed to get advertising image, set to default
2023-09-20 22:24:32,745 [FATAL] Updater:308 - Updater called before beeing initialized
2023-09-20 22:24:32,747 [FATAL] Updater:308 - Updater called before beeing initialized
2023-09-20 22:24:32,747 [FATAL] Updater:308 - Updater called before beeing initialized
2023-09-20 22:24:32,747 [WARN] DetailPanel:346 - Failed to get advertising image, set to default
2023-09-20 22:24:32,748 [FATAL] Updater:308 - Updater called before beeing initialized
2023-09-20 22:24:32,787 [ERROR] Updater:1120 - MainUpdater not yet initialized. External WinMGr cannot be set.
2023-09-20 22:24:32,791 [INFO] Updater:1056 - Updater Version found : 6.9.2
2023-09-20 22:24:32,812 [INFO] ApplicationProperties:184 - Using Application install path: /home/caleb/st/stm32cubeide_1.13.2_2/plugins/com.st.stm32cube.common.mx_6.9.2.202309101412
2023-09-20 22:24:32,842 [INFO] MainUpdater:521 - Copy updater definitions from MX database
2023-09-20 22:24:32,874 [INFO] MainUpdater:554 - Copy flag file definitions from MX database
2023-09-20 22:24:32,875 [INFO] MainUpdater:570 - Copy thirdparty index definitions from MX database
2023-09-20 22:24:32,876 [INFO] MainUpdater:589 - Copy default thirdparty db definitions from MX database
2023-09-20 22:24:33,277 [INFO] MainUpdater:2868 - connection check result : 10
2023-09-20 22:24:33,278 [INFO] MainUpdater:3562 - Updater definition file requires update
2023-09-20 22:24:33,279 [INFO] MainUpdater:285 - Updater Check For Update Now.
2023-09-20 22:24:33,279 [INFO] MicroXplorer:498 - Change Database Version : DB.6.0.92
2023-09-20 22:24:33,286 [INFO] McuFinderGlobals:63 - Set McuFinder mode to 2 (CubeIDE integrated)
2023-09-20 22:24:33,286 [INFO] UserAuth:179 - activating auth plugin
2023-09-20 22:24:33,291 [INFO] UserAuth:393 - Internet connection configuration mode: 1
2023-09-20 22:24:33,308 [INFO] ServerAccessManage:473 - Download File updaters.zip
2023-09-20 22:24:33,310 [INFO] JxBrowserEngine:151 - Initiate JxBrowser Engine with user profile folder
2023-09-20 22:24:33,417 [INFO] FileExtend:240 - Unzip File : updaters.zip
2023-09-20 22:24:33,418 [INFO] FileExtend:255 - Standard Zip Deflate
2023-09-20 22:24:33,615 [INFO] ServerAccessManage:473 - Download File PacksControlFlags.xml
2023-09-20 22:24:33,691 [INFO] ServerAccessManage:473 - Download File cubemx.pidx
2023-09-20 22:24:34,219 [WARN] MainUpdater:1189 - Updater busy. Cannot search thirdparties
2023-09-20 22:24:34,220 [INFO] ThirdPartyUpdaterWithRetryManager:96 - Updater plugin is busy. [1/15]
2023-09-20 22:24:34,660 [INFO] ServerAccessManage:473 - Download File STMicroelectronics.FP-ATR-ASTRA1.pdsc
2023-09-20 22:24:36,229 [INFO] ServerAccessManage:473 - Download File STMicroelectronics.FP-ATR-SIGFOX1.pdsc
2023-09-20 22:24:37,221 [WARN] MainUpdater:1189 - Updater busy. Cannot search thirdparties
2023-09-20 22:24:37,221 [INFO] ThirdPartyUpdaterWithRetryManager:96 - Updater plugin is busy. [2/15]
2023-09-20 22:24:37,464 [INFO] ServerAccessManage:473 - Download File STMicroelectronics.FP-SNS-FLIGHT1.pdsc
2023-09-20 22:24:38,093 [INFO] WebApp:157 - Instantiating new browser for Auth
2023-09-20 22:24:38,461 [INFO] ServerAccessManage:473 - Download File STMicroelectronics.FP-SNS-MOTENV1.pdsc
2023-09-20 22:24:38,951 [INFO] WebApp:753 - Register for checkConnection events
2023-09-20 22:24:38,951 [INFO] WebApp:390 - Apply proxy settings
2023-09-20 22:24:38,952 [INFO] WebApp:475 - Chromium requires no authentication
2023-09-20 22:24:38,961 [INFO] WebApp:418 - Direct internet connection detected
2023-09-20 22:24:39,153 [INFO] WebApp:188 - Starting web application
2023-09-20 22:24:39,153 [INFO] WebApp:520 - Web application path used /home/caleb/st/stm32cubeide_1.13.2_2/plugins/com.st.stm32cube.common.mx_6.9.2.202309101412/db/plugins/mcufinder/reactClient1/index.html
2023-09-20 22:24:39,295 [INFO] ServerAccessManage:473 - Download File STMicroelectronics.FP-SNS-SMARTAG2.pdsc
2023-09-20 22:24:39,338 [INFO] ServerAccessManage:473 - Download File STMicroelectronics.X-CUBE-AI.pdsc
2023-09-20 22:24:40,222 [WARN] MainUpdater:1189 - Updater busy. Cannot search thirdparties
2023-09-20 22:24:40,222 [INFO] ThirdPartyUpdaterWithRetryManager:96 - Updater plugin is busy. [3/15]
2023-09-20 22:24:43,222 [WARN] MainUpdater:1189 - Updater busy. Cannot search thirdparties
2023-09-20 22:24:43,223 [INFO] ThirdPartyUpdaterWithRetryManager:96 - Updater plugin is busy. [4/15]
2023-09-20 22:24:44,328 [INFO] ServerAccessManage:473 - Download File STMicroelectronics.X-CUBE-ALS.pdsc
2023-09-20 22:24:45,119 [INFO] ServerAccessManage:473 - Download File STMicroelectronics.X-CUBE-BLE1.pdsc
2023-09-20 22:24:46,223 [WARN] MainUpdater:1189 - Updater busy. Cannot search thirdparties
2023-09-20 22:24:46,224 [INFO] ThirdPartyUpdaterWithRetryManager:96 - Updater plugin is busy. [5/15]
2023-09-20 22:24:49,224 [WARN] MainUpdater:1189 - Updater busy. Cannot search thirdparties
2023-09-20 22:24:49,225 [INFO] ThirdPartyUpdaterWithRetryManager:96 - Updater plugin is busy. [6/15]
2023-09-20 22:24:50,045 [ERROR] ServerAccessManage:1089 - Problem, file not found on Server
2023-09-20 22:24:50,076 [INFO] ServerAccessManage:473 - Download File STMicroelectronics.X-CUBE-BLE2.pdsc
2023-09-20 22:24:51,651 [INFO] ServerAccessManage:473 - Download File STMicroelectronics.X-CUBE-BLEMGR.pdsc
2023-09-20 22:24:52,226 [WARN] MainUpdater:1189 - Updater busy. Cannot search thirdparties
2023-09-20 22:24:52,227 [INFO] ThirdPartyUpdaterWithRetryManager:96 - Updater plugin is busy. [7/15]
2023-09-20 22:24:53,319 [INFO] ServerAccessManage:473 - Download File STMicroelectronics.X-CUBE-DISPLAY.pdsc
2023-09-20 22:24:54,261 [INFO] ServerAccessManage:473 - Download File STMicroelectronics.X-CUBE-EEPRMA1.pdsc
2023-09-20 22:24:54,931 [ERROR] ServerAccessManage:1089 - Problem, file not found on Server
2023-09-20 22:24:55,001 [INFO] ServerAccessManage:473 - Download File STMicroelectronics.X-CUBE-FREERTOS.pdsc
2023-09-20 22:24:55,227 [WARN] MainUpdater:1189 - Updater busy. Cannot search thirdparties
2023-09-20 22:24:55,227 [INFO] ThirdPartyUpdaterWithRetryManager:96 - Updater plugin is busy. [8/15]
2023-09-20 22:24:55,853 [INFO] ServerAccessManage:473 - Download File STMicroelectronics.X-CUBE-GNSS1.pdsc
2023-09-20 22:24:56,788 [ERROR] ServerAccessManage:1089 - Problem, file not found on Server
2023-09-20 22:24:57,695 [ERROR] ServerAccessManage:1089 - Problem, file not found on Server
2023-09-20 22:24:58,228 [WARN] MainUpdater:1189 - Updater busy. Cannot search thirdparties
2023-09-20 22:24:58,228 [INFO] ThirdPartyUpdaterWithRetryManager:96 - Updater plugin is busy. [9/15]
2023-09-20 22:24:58,286 [ERROR] ServerAccessManage:1089 - Problem, file not found on Server
2023-09-20 22:24:58,925 [ERROR] ServerAccessManage:1089 - Problem, file not found on Server
2023-09-20 22:24:59,530 [ERROR] ServerAccessManage:1089 - Problem, file not found on Server
2023-09-20 22:25:00,168 [ERROR] ServerAccessManage:1089 - Problem, file not found on Server
2023-09-20 22:25:00,183 [INFO] ServerAccessManage:473 - Download File STMicroelectronics.X-CUBE-ISPU.pdsc
2023-09-20 22:25:00,283 [ERROR] LogOutputStream:75 - [STDERR_REDIRECT] SLF4J: Failed to load class "org.slf4j.impl.StaticLoggerBinder".
2023-09-20 22:25:00,284 [ERROR] LogOutputStream:75 - [STDERR_REDIRECT] SLF4J: Defaulting to no-operation (NOP) logger implementation
2023-09-20 22:25:00,284 [ERROR] LogOutputStream:75 - [STDERR_REDIRECT] SLF4J: See http://www.slf4j.org/codes.html#StaticLoggerBinder for further details.
2023-09-20 22:25:00,888 [INFO] ServerAccessManage:473 - Download File STMicroelectronics.X-CUBE-MEMS1.pdsc
2023-09-20 22:25:01,229 [WARN] MainUpdater:1189 - Updater busy. Cannot search thirdparties
2023-09-20 22:25:01,229 [INFO] ThirdPartyUpdaterWithRetryManager:96 - Updater plugin is busy. [10/15]
2023-09-20 22:25:04,230 [WARN] MainUpdater:1189 - Updater busy. Cannot search thirdparties
2023-09-20 22:25:04,230 [INFO] ThirdPartyUpdaterWithRetryManager:96 - Updater plugin is busy. [11/15]
2023-09-20 22:25:07,231 [WARN] MainUpdater:1189 - Updater busy. Cannot search thirdparties
2023-09-20 22:25:07,231 [INFO] ThirdPartyUpdaterWithRetryManager:96 - Updater plugin is busy. [12/15]
2023-09-20 22:25:09,117 [INFO] ServerAccessManage:473 - Download File STMicroelectronics.X-CUBE-NFC4.pdsc
2023-09-20 22:25:09,365 [INFO] ServerAccessManage:473 - Download File STMicroelectronics.X-CUBE-NFC6.pdsc
2023-09-20 22:25:10,232 [WARN] MainUpdater:1189 - Updater busy. Cannot search thirdparties
2023-09-20 22:25:10,233 [INFO] ThirdPartyUpdaterWithRetryManager:96 - Updater plugin is busy. [13/15]
2023-09-20 22:25:10,306 [INFO] ServerAccessManage:473 - Download File STMicroelectronics.X-CUBE-NFC7.pdsc
2023-09-20 22:25:10,362 [INFO] ServerAccessManage:473 - Download File STMicroelectronics.X-CUBE-SFXS2LP1.pdsc
2023-09-20 22:25:10,457 [INFO] ServerAccessManage:473 - Download File STMicroelectronics.X-CUBE-SUBG2.pdsc
2023-09-20 22:25:12,240 [INFO] ServerAccessManage:473 - Download File STMicroelectronics.X-CUBE-SMBUS.pdsc
2023-09-20 22:25:13,053 [ERROR] ServerAccessManage:1089 - Problem, file not found on Server
2023-09-20 22:25:13,075 [INFO] ServerAccessManage:473 - Download File STMicroelectronics.X-CUBE-TOF1.pdsc
2023-09-20 22:25:13,233 [WARN] MainUpdater:1189 - Updater busy. Cannot search thirdparties
2023-09-20 22:25:13,234 [INFO] ThirdPartyUpdaterWithRetryManager:96 - Updater plugin is busy. [14/15]
2023-09-20 22:25:13,997 [ERROR] ServerAccessManage:1089 - Problem, file not found on Server
2023-09-20 22:25:15,002 [INFO] ServerAccessManage:473 - Download File STMicroelectronics.X-CUBE-TOUCHGFX.pdsc
2023-09-20 22:25:15,969 [INFO] ServerAccessManage:473 - Download File STMicroelectronics.X-CUBE-ALGOBUILD.pdsc
2023-09-20 22:25:16,234 [WARN] MainUpdater:1189 - Updater busy. Cannot search thirdparties
2023-09-20 22:25:16,234 [INFO] ThirdPartyUpdaterWithRetryManager:96 - Updater plugin is busy. [15/15]
2023-09-20 22:25:16,235 [ERROR] IntegrityCheckThread:130 - Cannot retrieve database content from updater: error -1
2023-09-20 22:25:16,235 [INFO] ThirdParty:978 - Integrity check success = false
2023-09-20 22:25:16,235 [INFO] IntegrityCheckThread:100 - exiting critical section [integrity check]
2023-09-20 22:25:16,236 [INFO] IntegrityCheckThread:103 - End integrity checks thread
2023-09-20 22:25:16,637 [INFO] ServerAccessManage:473 - Download File STMicroelectronics.X-CUBE-AZRTOS-H7.pdsc
2023-09-20 22:25:17,720 [INFO] ServerAccessManage:473 - Download File STMicroelectronics.X-CUBE-AZRTOS-F4.pdsc
2023-09-20 22:25:17,823 [INFO] ServerAccessManage:473 - Download File STMicroelectronics.X-CUBE-AZRTOS-F7.pdsc
2023-09-20 22:25:17,907 [INFO] ServerAccessManage:473 - Download File STMicroelectronics.X-CUBE-AZRTOS-L4.pdsc
2023-09-20 22:25:18,734 [INFO] ServerAccessManage:473 - Download File STMicroelectronics.X-CUBE-AZRTOS-L5.pdsc
2023-09-20 22:25:19,539 [INFO] ServerAccessManage:473 - Download File STMicroelectronics.X-CUBE-AZRTOS-G0.pdsc
2023-09-20 22:25:19,638 [INFO] ServerAccessManage:473 - Download File STMicroelectronics.X-CUBE-AZRTOS-G4.pdsc
2023-09-20 22:25:21,519 [INFO] ServerAccessManage:473 - Download File STMicroelectronics.X-CUBE-AZRTOS-WB.pdsc
2023-09-20 22:25:22,419 [INFO] ServerAccessManage:473 - Download File STMicroelectronics.X-CUBE-AZRTOS-WL.pdsc
2023-09-20 22:25:23,705 [INFO] ServerAccessManage:473 - Download File wolfSSL.I-CUBE-wolfSSL.pdsc
2023-09-20 22:25:28,108 [ERROR] ServerAccessManage:1089 - Problem, file not found on Server
2023-09-20 22:25:28,510 [ERROR] ServerAccessManage:1089 - Problem, file not found on Server
2023-09-20 22:25:29,030 [ERROR] ServerAccessManage:1089 - Problem, file not found on Server
2023-09-20 22:25:30,869 [ERROR] ServerAccessManage:1096 - Problem, Http access forbiden
2023-09-20 22:25:30,870 [ERROR] ServerAccessManage:651 - Problem, Http access forbiden : RoweBots.I-CUBE-UNISONRTOS.pdsc.
2023-09-20 22:25:33,230 [INFO] ServerAccessManage:473 - Download File SEGGER.I-CUBE-embOS.pdsc
2023-09-20 22:25:38,550 [INFO] ServerAccessManage:473 - Download File portGmbH.I-Cube-SoM-uGOAL.pdsc
2023-09-20 22:25:42,607 [ERROR] ServerAccessManage:1089 - Problem, file not found on Server
2023-09-20 22:25:42,910 [ERROR] ServerAccessManage:1089 - Problem, file not found on Server
2023-09-20 22:25:43,215 [ERROR] ServerAccessManage:1089 - Problem, file not found on Server
2023-09-20 22:25:45,619 [INFO] ServerAccessManage:473 - Download File emotas.I-CUBE-CANOPEN.pdsc
2023-09-20 22:25:48,691 [INFO] ServerAccessManage:473 - Download File WES.I-CUBE-Cesium.pdsc
2023-09-20 22:25:51,123 [ERROR] ServerAccessManage:1089 - Problem, file not found on Server
2023-09-20 22:25:52,060 [ERROR] ServerAccessManage:1089 - Problem, file not found on Server
2023-09-20 22:25:52,145 [WARN] PackLoader:240 - Cannot read IP mode file for STMicroelectronics.FP-ATR-ASTRA1.2.0.0
2023-09-20 22:25:52,151 [WARN] PackLoader:240 - Cannot read IP mode file for STMicroelectronics.FP-ATR-SIGFOX1.3.2.0
2023-09-20 22:25:52,158 [WARN] PackLoader:240 - Cannot read IP mode file for STMicroelectronics.FP-SNS-FLIGHT1.5.0.2
2023-09-20 22:25:52,159 [WARN] CheckServerUpdateThread:151 - Open CheckUpdateFile Fail
2023-09-20 22:25:52,164 [WARN] PackLoader:240 - Cannot read IP mode file for STMicroelectronics.FP-SNS-MOTENV1.4.3.2
2023-09-20 22:25:52,172 [WARN] PackLoader:240 - Cannot read IP mode file for STMicroelectronics.FP-SNS-SMARTAG2.1.2.0
2023-09-20 22:25:52,177 [WARN] PackLoader:240 - Cannot read IP mode file for STMicroelectronics.X-CUBE-AI.8.1.0
2023-09-20 22:25:52,183 [WARN] PackLoader:240 - Cannot read IP mode file for STMicroelectronics.X-CUBE-ALS.1.0.1
2023-09-20 22:25:52,192 [WARN] PackLoader:240 - Cannot read IP mode file for STMicroelectronics.X-CUBE-BLE1.7.0.0
2023-09-20 22:25:52,197 [WARN] PackLoader:240 - Cannot read IP mode file for STMicroelectronics.X-CUBE-BLE2.3.3.0
2023-09-20 22:25:52,210 [WARN] PackLoader:240 - Cannot read IP mode file for STMicroelectronics.X-CUBE-BLEMGR.2.0.0
2023-09-20 22:25:52,227 [WARN] PackLoader:240 - Cannot read IP mode file for STMicroelectronics.X-CUBE-DISPLAY.3.0.0
2023-09-20 22:25:52,243 [WARN] PackLoader:240 - Cannot read IP mode file for STMicroelectronics.X-CUBE-EEPRMA1.4.1.0
2023-09-20 22:25:52,253 [WARN] PackLoader:240 - Cannot read IP mode file for STMicroelectronics.X-CUBE-FREERTOS.1.1.0
2023-09-20 22:25:52,267 [WARN] PackLoader:240 - Cannot read IP mode file for STMicroelectronics.X-CUBE-GNSS1.6.0.0
2023-09-20 22:25:52,273 [WARN] PackLoader:240 - Cannot read IP mode file for STMicroelectronics.X-CUBE-ISPU.1.1.0
2023-09-20 22:25:52,283 [INFO] CheckServerUpdateThread:120 - End of CheckServer Thread
2023-09-20 22:25:52,342 [WARN] PackLoader:240 - Cannot read IP mode file for STMicroelectronics.X-CUBE-MEMS1.9.6.0
2023-09-20 22:25:52,512 [WARN] PackLoader:240 - Cannot read IP mode file for STMicroelectronics.X-CUBE-NFC4.3.0.0
2023-09-20 22:25:52,519 [WARN] PackLoader:240 - Cannot read IP mode file for STMicroelectronics.X-CUBE-NFC6.3.0.0
2023-09-20 22:25:52,524 [WARN] PackLoader:240 - Cannot read IP mode file for STMicroelectronics.X-CUBE-NFC7.1.0.1
2023-09-20 22:25:52,530 [WARN] PackLoader:240 - Cannot read IP mode file for STMicroelectronics.X-CUBE-SFXS2LP1.4.0.0
2023-09-20 22:25:52,538 [WARN] PackLoader:240 - Cannot read IP mode file for STMicroelectronics.X-CUBE-SUBG2.5.0.0
2023-09-20 22:25:52,546 [WARN] PackLoader:240 - Cannot read IP mode file for STMicroelectronics.X-CUBE-SMBUS.2.1.0
2023-09-20 22:25:52,555 [WARN] PackLoader:240 - Cannot read IP mode file for STMicroelectronics.X-CUBE-TOF1.3.3.1
2023-09-20 22:25:52,584 [WARN] PackLoader:240 - Cannot read IP mode file for STMicroelectronics.X-CUBE-TOUCHGFX.4.22.0
2023-09-20 22:25:52,588 [WARN] PackLoader:240 - Cannot read IP mode file for STMicroelectronics.X-CUBE-ALGOBUILD.1.3.0
2023-09-20 22:25:52,603 [WARN] ConditionMgr:438 - getConditionDescription Invalid condition id : UX DEVICE CLASS RTOS Condition cause : null
2023-09-20 22:25:52,604 [WARN] ConditionMgr:438 - getConditionDescription Invalid condition id : UX DEVICE CLASS RTOS Condition cause : null
2023-09-20 22:25:52,607 [WARN] PackLoader:240 - Cannot read IP mode file for STMicroelectronics.X-CUBE-AZRTOS-H7.3.1.0
2023-09-20 22:25:52,608 [WARN] ConditionMgr:1039 - genDependencies : Invalid condition id : UX DEVICE CLASS RTOS Condition cause : null
2023-09-20 22:25:52,609 [WARN] ConditionMgr:1039 - genDependencies : Invalid condition id : UX DEVICE CLASS RTOS Condition cause : null
2023-09-20 22:25:52,610 [WARN] ConditionMgr:1039 - genDependencies : Invalid condition id : UX DEVICE CLASS RTOS Condition cause : null
2023-09-20 22:25:52,611 [WARN] ConditionMgr:1039 - genDependencies : Invalid condition id : UX DEVICE CLASS RTOS Condition cause : null
2023-09-20 22:25:52,611 [WARN] ConditionMgr:1039 - genDependencies : Invalid condition id : UX DEVICE CLASS RTOS Condition cause : null
2023-09-20 22:25:52,628 [WARN] PackLoader:240 - Cannot read IP mode file for STMicroelectronics.X-CUBE-AZRTOS-F4.1.1.0
2023-09-20 22:25:52,645 [WARN] PackLoader:240 - Cannot read IP mode file for STMicroelectronics.X-CUBE-AZRTOS-F7.1.1.0
2023-09-20 22:25:52,664 [WARN] ConditionMgr:438 - getConditionDescription Invalid condition id : LAN8742 Phy interface Condition cause : null
2023-09-20 22:25:52,664 [WARN] PackLoader:240 - Cannot read IP mode file for STMicroelectronics.X-CUBE-AZRTOS-L4.2.0.0
2023-09-20 22:25:52,665 [WARN] ConditionMgr:1039 - genDependencies : Invalid condition id : LAN8742 Phy interface Condition cause : null
2023-09-20 22:25:52,666 [WARN] ConditionMgr:1039 - genDependencies : Invalid condition id : LAN8742 Phy interface Condition cause : null
2023-09-20 22:25:52,666 [WARN] ConditionMgr:1039 - genDependencies : Invalid condition id : LAN8742 Phy interface Condition cause : null
2023-09-20 22:25:52,681 [WARN] PackLoader:240 - Cannot read IP mode file for STMicroelectronics.X-CUBE-AZRTOS-L5.2.0.0
2023-09-20 22:25:52,700 [WARN] PackLoader:240 - Cannot read IP mode file for STMicroelectronics.X-CUBE-AZRTOS-G0.1.1.0
2023-09-20 22:25:52,716 [WARN] PackLoader:240 - Cannot read IP mode file for STMicroelectronics.X-CUBE-AZRTOS-G4.2.0.0
2023-09-20 22:25:52,730 [WARN] ConditionMgr:438 - getConditionDescription Invalid condition id : UX DEVICE CLASS RTOS Condition cause : null
2023-09-20 22:25:52,730 [WARN] ConditionMgr:438 - getConditionDescription Invalid condition id : UX DEVICE CLASS RTOS Condition cause : null
2023-09-20 22:25:52,733 [WARN] PackLoader:240 - Cannot read IP mode file for STMicroelectronics.X-CUBE-AZRTOS-WB.2.0.0
2023-09-20 22:25:52,733 [WARN] ConditionMgr:1039 - genDependencies : Invalid condition id : UX DEVICE CLASS RTOS Condition cause : null
2023-09-20 22:25:52,734 [WARN] ConditionMgr:1039 - genDependencies : Invalid condition id : UX DEVICE CLASS RTOS Condition cause : null
2023-09-20 22:25:52,734 [WARN] ConditionMgr:1039 - genDependencies : Invalid condition id : UX DEVICE CLASS RTOS Condition cause : null
2023-09-20 22:25:52,735 [WARN] ConditionMgr:1039 - genDependencies : Invalid condition id : UX DEVICE CLASS RTOS Condition cause : null
2023-09-20 22:25:52,735 [WARN] ConditionMgr:1039 - genDependencies : Invalid condition id : UX DEVICE CLASS RTOS Condition cause : null
2023-09-20 22:25:52,743 [INFO] LogOutputStream:77 - [STDOUT_REDIRECT] 1 : Invalid condition id : UX_CORESTACK_Condition cause : null
2023-09-20 22:25:52,743 [INFO] LogOutputStream:77 - [STDOUT_REDIRECT] 1 : Invalid condition id : UX_CORESTACK_Condition cause : null
2023-09-20 22:25:52,744 [INFO] LogOutputStream:77 - [STDOUT_REDIRECT] 1 : Invalid condition id : UX_CORESTACK_Condition cause : null
2023-09-20 22:25:52,744 [INFO] LogOutputStream:77 - [STDOUT_REDIRECT] 1 : Invalid condition id : UX_CORESTACK_Condition cause : null
2023-09-20 22:25:52,744 [INFO] LogOutputStream:77 - [STDOUT_REDIRECT] 1 : Invalid condition id : UX_CORESTACK_Condition cause : null
2023-09-20 22:25:52,747 [WARN] PackLoader:240 - Cannot read IP mode file for STMicroelectronics.X-CUBE-AZRTOS-WL.2.0.0
2023-09-20 22:25:52,750 [WARN] PackLoader:240 - Cannot read IP mode file for wolfSSL.I-CUBE-wolfSSL.5.6.3
2023-09-20 22:25:52,778 [WARN] PackLoader:240 - Cannot read IP mode file for SEGGER.I-CUBE-embOS.1.3.1
2023-09-20 22:25:52,824 [WARN] PackLoader:240 - Cannot read IP mode file for portGmbH.I-Cube-SoM-uGOAL.1.1.0
2023-09-20 22:25:52,828 [WARN] PackLoader:240 - Cannot read IP mode file for emotas.I-CUBE-CANOPEN.1.3.0
2023-09-20 22:25:52,832 [WARN] PackLoader:240 - Cannot read IP mode file for WES.I-CUBE-Cesium.1.3.0
2023-09-20 22:25:52,832 [INFO] PopulateThirdPartyThread:66 - Ending populate Thread
2023-09-20 22:25:52,835 [INFO] ThirdParty:1030 - CMSIS Pack Vendor :STMicroelectronics X-CUBE-ISPU 1.1.0
2023-09-20 22:25:52,835 [INFO] ThirdParty:1030 - CMSIS Pack Vendor :STMicroelectronics X-CUBE-DISPLAY 3.0.0
2023-09-20 22:25:52,835 [INFO] ThirdParty:1030 - CMSIS Pack Vendor :STMicroelectronics X-CUBE-GNSS1 6.0.0
2023-09-20 22:25:52,835 [INFO] ThirdParty:1030 - CMSIS Pack Vendor :STMicroelectronics X-CUBE-AZRTOS-F4 1.1.0
2023-09-20 22:25:52,835 [INFO] ThirdParty:1030 - CMSIS Pack Vendor :STMicroelectronics FP-ATR-SIGFOX1 3.2.0
2023-09-20 22:25:52,835 [INFO] ThirdParty:1030 - CMSIS Pack Vendor :STMicroelectronics X-CUBE-BLE1 7.0.0
2023-09-20 22:25:52,835 [INFO] ThirdParty:1030 - CMSIS Pack Vendor :wolfSSL I-CUBE-wolfSSL 5.6.3
2023-09-20 22:25:52,835 [INFO] ThirdParty:1030 - CMSIS Pack Vendor :STMicroelectronics X-CUBE-SMBUS 2.1.0
2023-09-20 22:25:52,835 [INFO] ThirdParty:1030 - CMSIS Pack Vendor :STMicroelectronics X-CUBE-AZRTOS-WB 2.0.0
2023-09-20 22:25:52,835 [INFO] ThirdParty:1030 - CMSIS Pack Vendor :emotas I-CUBE-CANOPEN 1.3.0
2023-09-20 22:25:52,835 [INFO] ThirdParty:1030 - CMSIS Pack Vendor :STMicroelectronics X-CUBE-FREERTOS 1.1.0
2023-09-20 22:25:52,835 [INFO] ThirdParty:1030 - CMSIS Pack Vendor :STMicroelectronics X-CUBE-NFC7 1.0.1
2023-09-20 22:25:52,835 [INFO] ThirdParty:1030 - CMSIS Pack Vendor :STMicroelectronics X-CUBE-TOUCHGFX 4.22.0
2023-09-20 22:25:52,836 [INFO] ThirdParty:1030 - CMSIS Pack Vendor :STMicroelectronics X-CUBE-AZRTOS-F7 1.1.0
2023-09-20 22:25:52,836 [INFO] ThirdParty:1030 - CMSIS Pack Vendor :STMicroelectronics X-CUBE-AZRTOS-L5 2.0.0
2023-09-20 22:25:52,836 [INFO] ThirdParty:1030 - CMSIS Pack Vendor :STMicroelectronics X-CUBE-NFC6 3.0.0
2023-09-20 22:25:52,836 [INFO] ThirdParty:1030 - CMSIS Pack Vendor :STMicroelectronics X-CUBE-ALS 1.0.1
2023-09-20 22:25:52,836 [INFO] ThirdParty:1030 - CMSIS Pack Vendor :STMicroelectronics X-CUBE-EEPRMA1 4.1.0
2023-09-20 22:25:52,836 [INFO] ThirdParty:1030 - CMSIS Pack Vendor :portGmbH I-Cube-SoM-uGOAL 1.1.0
2023-09-20 22:25:52,836 [INFO] ThirdParty:1030 - CMSIS Pack Vendor :STMicroelectronics X-CUBE-MEMS1 9.6.0
2023-09-20 22:25:52,836 [INFO] ThirdParty:1030 - CMSIS Pack Vendor :STMicroelectronics FP-SNS-SMARTAG2 1.2.0
2023-09-20 22:25:52,836 [INFO] ThirdParty:1030 - CMSIS Pack Vendor :STMicroelectronics FP-SNS-MOTENV1 4.3.2
2023-09-20 22:25:52,836 [INFO] ThirdParty:1030 - CMSIS Pack Vendor :STMicroelectronics X-CUBE-ALGOBUILD 1.3.0
2023-09-20 22:25:52,836 [INFO] ThirdParty:1030 - CMSIS Pack Vendor :STMicroelectronics X-CUBE-AZRTOS-WL 2.0.0
2023-09-20 22:25:52,836 [INFO] ThirdParty:1030 - CMSIS Pack Vendor :SEGGER I-CUBE-embOS 1.3.1
2023-09-20 22:25:52,836 [INFO] ThirdParty:1030 - CMSIS Pack Vendor :STMicroelectronics X-CUBE-AZRTOS-G0 1.1.0
2023-09-20 22:25:52,836 [INFO] ThirdParty:1030 - CMSIS Pack Vendor :STMicroelectronics X-CUBE-AI 8.1.0
2023-09-20 22:25:52,837 [INFO] ThirdParty:1030 - CMSIS Pack Vendor :STMicroelectronics X-CUBE-BLEMGR 2.0.0
2023-09-20 22:25:52,837 [INFO] ThirdParty:1030 - CMSIS Pack Vendor :STMicroelectronics X-CUBE-NFC4 3.0.0
2023-09-20 22:25:52,837 [INFO] ThirdParty:1030 - CMSIS Pack Vendor :STMicroelectronics X-CUBE-SUBG2 5.0.0
2023-09-20 22:25:52,837 [INFO] ThirdParty:1030 - CMSIS Pack Vendor :STMicroelectronics X-CUBE-AZRTOS-L4 2.0.0
2023-09-20 22:25:52,837 [INFO] ThirdParty:1030 - CMSIS Pack Vendor :STMicroelectronics FP-ATR-ASTRA1 2.0.0
2023-09-20 22:25:52,837 [INFO] ThirdParty:1030 - CMSIS Pack Vendor :WES I-CUBE-Cesium 1.3.0
2023-09-20 22:25:52,837 [INFO] ThirdParty:1030 - CMSIS Pack Vendor :STMicroelectronics X-CUBE-SFXS2LP1 4.0.0
2023-09-20 22:25:52,837 [INFO] ThirdParty:1030 - CMSIS Pack Vendor :STMicroelectronics FP-SNS-FLIGHT1 5.0.2
2023-09-20 22:25:52,837 [INFO] ThirdParty:1030 - CMSIS Pack Vendor :STMicroelectronics X-CUBE-BLE2 3.3.0
2023-09-20 22:25:52,837 [INFO] ThirdParty:1030 - CMSIS Pack Vendor :STMicroelectronics X-CUBE-TOF1 3.3.1
2023-09-20 22:25:52,837 [INFO] ThirdParty:1030 - CMSIS Pack Vendor :STMicroelectronics X-CUBE-AZRTOS-G4 2.0.0
2023-09-20 22:25:52,837 [INFO] ThirdParty:1030 - CMSIS Pack Vendor :STMicroelectronics X-CUBE-AZRTOS-H7 3.1.0
2023-09-20 22:25:52,838 [INFO] LoadServerUpdatesThread:373 - End of LoadServerUpdate Thread
2023-09-20 22:29:36,199 [ERROR] LogOutputStream:75 - [STDERR_REDIRECT] 
