2023-09-21 09:29:31,083 [INFO] Activator:176 - 


2023-09-21 09:29:31,089 [INFO] Activator:177 - !SESSION log4j initialized
2023-09-21 09:29:36,846 [INFO] LogOutputStream:77 - [STDOUT_REDIRECT] 
2023-09-21 09:29:37,568 [INFO] ApplicationProperties:184 - Using Application install path: /home/caleb/st/stm32cubeide_1.13.2_2/plugins/com.st.stm32cube.common.mx_6.9.2.202309101412
2023-09-21 09:29:37,594 [INFO] DbMcusXml:78 - Set database path to: /home/caleb/st/stm32cubeide_1.13.2_2/plugins/com.st.stm32cube.common.mx_6.9.2.202309101412//db//mcu/
2023-09-21 09:29:37,595 [INFO] ApiDb:274 - Set plugin database path to: /home/caleb/st/stm32cubeide_1.13.2_2/plugins/com.st.stm32cube.common.mx_6.9.2.202309101412//db//plugins/boardmanager/
2023-09-21 09:29:37,595 [WARN] ApiDb:259 - Overriding images path with different value:  => /home/caleb/st/stm32cubeide_1.13.2_2/plugins/com.st.stm32cube.common.mx_6.9.2.202309101412//db//plugins/mcufinder/images/
2023-09-21 09:29:37,611 [INFO] ApiDb:250 - Set database path to: /home/caleb/.stmcufinder/plugins/mcufinder//mcu/
2023-09-21 09:29:37,613 [INFO] DbMcusAds:125 - Set database path to: /home/caleb/.stmcufinder/plugins/mcufinder//mcu/
2023-09-21 09:29:37,617 [INFO] CrossReferenceDbSqlite:203 - Set database path to: /home/caleb/.stmcufinder/plugins/mcufinder//mcu/cs/
2023-09-21 09:29:37,816 [INFO] RulesReader:64 - Compatibility file has been processed (293 Rules)
2023-09-21 09:29:37,926 [INFO] DbMcusXml:78 - Set database path to: /home/caleb/st/stm32cubeide_1.13.2_2/plugins/com.st.stm32cube.common.mx_6.9.2.202309101412//db//mcu/
2023-09-21 09:29:37,926 [INFO] ApiDb:274 - Set plugin database path to: /home/caleb/st/stm32cubeide_1.13.2_2/plugins/com.st.stm32cube.common.mx_6.9.2.202309101412//db//plugins/boardmanager/
2023-09-21 09:29:37,926 [INFO] ApiDb:261 - Set plugin images path to: /home/caleb/st/stm32cubeide_1.13.2_2/plugins/com.st.stm32cube.common.mx_6.9.2.202309101412//db//plugins/mcufinder/images/
2023-09-21 09:29:37,926 [WARN] DbFile:41 - Overriding database path with different value: /home/caleb/.stmcufinder/plugins/mcufinder/ => /home/caleb/.stmcufinder/plugins/mcufinder
2023-09-21 09:29:37,926 [INFO] ApiDb:250 - Set database path to: /home/caleb/.stmcufinder/plugins/mcufinder//mcu/
2023-09-21 09:29:37,927 [WARN] DbFile:41 - Overriding database path with different value: /home/caleb/.stmcufinder/plugins/mcufinder/ => /home/caleb/.stmcufinder/plugins/mcufinder
2023-09-21 09:29:37,927 [INFO] DbMcusAds:125 - Set database path to: /home/caleb/.stmcufinder/plugins/mcufinder//mcu/
2023-09-21 09:29:37,927 [WARN] DbFile:41 - Overriding database path with different value: /home/caleb/.stmcufinder/plugins/mcufinder/ => /home/caleb/.stmcufinder/plugins/mcufinder
2023-09-21 09:29:37,927 [WARN] DbFile:41 - Overriding database path with different value: /home/caleb/.stmcufinder/plugins/mcufinder/ => /home/caleb/.stmcufinder/plugins/mcufinder
2023-09-21 09:29:37,927 [INFO] CrossReferenceDbSqlite:203 - Set database path to: /home/caleb/.stmcufinder/plugins/mcufinder//mcu/cs/
2023-09-21 09:29:38,024 [INFO] MainPanel:262 - HeapMemory: 268435456
2023-09-21 09:29:38,184 [INFO] DbMcusXml:78 - Set database path to: /home/caleb/st/stm32cubeide_1.13.2_2/plugins/com.st.stm32cube.common.mx_6.9.2.202309101412//db//mcu/
2023-09-21 09:29:38,184 [INFO] ApiDb:274 - Set plugin database path to: /home/caleb/st/stm32cubeide_1.13.2_2/plugins/com.st.stm32cube.common.mx_6.9.2.202309101412//db//plugins/boardmanager/
2023-09-21 09:29:38,184 [INFO] ApiDb:261 - Set plugin images path to: /home/caleb/st/stm32cubeide_1.13.2_2/plugins/com.st.stm32cube.common.mx_6.9.2.202309101412//db//plugins/mcufinder/images/
2023-09-21 09:29:38,185 [WARN] DbFile:41 - Overriding database path with different value: /home/caleb/.stmcufinder/plugins/mcufinder/ => /home/caleb/.stmcufinder/plugins/mcufinder
2023-09-21 09:29:38,185 [INFO] ApiDb:250 - Set database path to: /home/caleb/.stmcufinder/plugins/mcufinder//mcu/
2023-09-21 09:29:38,185 [WARN] DbFile:41 - Overriding database path with different value: /home/caleb/.stmcufinder/plugins/mcufinder/ => /home/caleb/.stmcufinder/plugins/mcufinder
2023-09-21 09:29:38,185 [INFO] DbMcusAds:125 - Set database path to: /home/caleb/.stmcufinder/plugins/mcufinder//mcu/
2023-09-21 09:29:38,185 [WARN] DbFile:41 - Overriding database path with different value: /home/caleb/.stmcufinder/plugins/mcufinder/ => /home/caleb/.stmcufinder/plugins/mcufinder
2023-09-21 09:29:38,185 [WARN] DbFile:41 - Overriding database path with different value: /home/caleb/.stmcufinder/plugins/mcufinder/ => /home/caleb/.stmcufinder/plugins/mcufinder
2023-09-21 09:29:38,185 [INFO] CrossReferenceDbSqlite:203 - Set database path to: /home/caleb/.stmcufinder/plugins/mcufinder//mcu/cs/
2023-09-21 09:29:38,204 [INFO] ApplicationProperties:184 - Using Application install path: /home/caleb/st/stm32cubeide_1.13.2_2/plugins/com.st.stm32cube.common.mx_6.9.2.202309101412
2023-09-21 09:29:38,206 [INFO] PluginManage:196 - Search for loadable plugins [exclusion list=, ]
2023-09-21 09:29:38,207 [INFO] PluginManage:310 - Check plugin analytics
2023-09-21 09:29:38,458 [INFO] AnalyticsPlugin:253 - Accepted Software Licenses: 
2023-09-21 09:29:38,458 [INFO] AnalyticsPlugin:255 - Accepted CMSIS Pack Licenses: 
2023-09-21 09:29:38,459 [INFO] AnalyticsPlugin:257 - Accepted Firmware Licenses: 
2023-09-21 09:29:38,463 [INFO] PluginManage:359 - Loaded plugin analytics (category:tool,tabindex:-1)
2023-09-21 09:29:38,463 [INFO] PluginManage:310 - Check plugin cadmodel
2023-09-21 09:29:38,506 [INFO] CADModel:105 - Init CAD model plugin
2023-09-21 09:29:38,506 [INFO] PluginManage:359 - Loaded plugin cadmodel (category:power,tabindex:5)
2023-09-21 09:29:38,507 [INFO] PluginManage:310 - Check plugin clock
2023-09-21 09:29:38,520 [INFO] PluginManage:359 - Loaded plugin clock (category:base,tabindex:2)
2023-09-21 09:29:38,521 [INFO] PluginManage:310 - Check plugin ddr
2023-09-21 09:29:38,524 [INFO] PluginManage:359 - Loaded plugin ddr (category:tool,tabindex:6)
2023-09-21 09:29:38,524 [INFO] PluginManage:310 - Check plugin filemanager
2023-09-21 09:29:38,684 [INFO] PluginManage:359 - Loaded plugin filemanager (category:base,tabindex:10)
2023-09-21 09:29:38,684 [INFO] PluginManage:310 - Check plugin ipmanager
2023-09-21 09:29:38,690 [INFO] PluginManage:359 - Loaded plugin ipmanager (category:base,tabindex:5)
2023-09-21 09:29:38,691 [INFO] PluginManage:310 - Check plugin lpbam
2023-09-21 09:29:38,703 [INFO] PluginManage:359 - Loaded plugin lpbam (category:base,tabindex:0)
2023-09-21 09:29:38,704 [INFO] PluginManage:310 - Check plugin memorymap
2023-09-21 09:29:38,725 [INFO] PluginManage:359 - Loaded plugin memorymap (category:base,tabindex:4)
2023-09-21 09:29:38,725 [INFO] PluginManage:310 - Check plugin pinoutandconfiguration
2023-09-21 09:29:38,734 [INFO] PluginManage:359 - Loaded plugin pinoutandconfiguration (category:base,tabindex:1)
2023-09-21 09:29:38,734 [INFO] PluginManage:310 - Check plugin pinoutconfig
2023-09-21 09:29:38,847 [WARN] SupportedApi:132 - Cannot load RTOS API schema: s4s-elt-must-match.1: The content of 'definitions' must match (annotation?, (simpleType | complexType)?, (unique | key | keyref)*)). A problem was found starting at: attribute.
2023-09-21 09:29:39,017 [INFO] PluginManage:359 - Loaded plugin pinoutconfig (category:base,tabindex:0)
2023-09-21 09:29:39,017 [INFO] PluginManage:310 - Check plugin power
2023-09-21 09:29:39,029 [INFO] PluginManage:359 - Loaded plugin power (category:power,tabindex:4)
2023-09-21 09:29:39,030 [INFO] PluginManage:310 - Check plugin projectmanager
2023-09-21 09:29:39,046 [INFO] PluginManage:359 - Loaded plugin projectmanager (category:projectmanager,tabindex:3)
2023-09-21 09:29:39,047 [INFO] PluginManage:310 - Check plugin thirdparty
2023-09-21 09:29:39,193 [INFO] PluginManage:359 - Loaded plugin thirdparty (category:base,tabindex:-1)
2023-09-21 09:29:39,193 [INFO] PluginManage:310 - Check plugin tools
2023-09-21 09:29:39,193 [WARN] IntegrityCheckThread:84 - waiting for thirdparty lock release [integrity check]
2023-09-21 09:29:39,194 [INFO] IntegrityCheckThread:86 - entering critical section [integrity check]
2023-09-21 09:29:39,195 [INFO] ThirdPartyUpdaterWithRetryManager:70 - Updater plugin not ready yet. [1/15]
2023-09-21 09:29:39,196 [INFO] PluginManage:359 - Loaded plugin tools (category:base,tabindex:7)
2023-09-21 09:29:39,196 [INFO] PluginManage:310 - Check plugin tutovideos
2023-09-21 09:29:39,423 [INFO] PluginManage:359 - Loaded plugin tutovideos (category:base,tabindex:-1)
2023-09-21 09:29:39,423 [INFO] PluginManage:310 - Check plugin updater
2023-09-21 09:29:39,462 [INFO] PluginManage:359 - Loaded plugin updater (category:base,tabindex:12)
2023-09-21 09:29:39,462 [INFO] PluginManage:310 - Check plugin userauth
2023-09-21 09:29:39,471 [INFO] UserAuth:113 - Init User Auth plugin
2023-09-21 09:29:39,471 [INFO] PluginManage:359 - Loaded plugin userauth (category:base,tabindex:14)
2023-09-21 09:29:39,471 [INFO] PluginManage:283 - PluginManage : Loaded plugins [17]
2023-09-21 09:29:39,718 [INFO] PinOutPanel:1499 - setPackage(No Configuration,No Configuration)
2023-09-21 09:29:39,847 [INFO] CADModel:165 - CPN selected for project level
2023-09-21 09:29:39,847 [INFO] CADModel:114 - Register for checkConnection events
2023-09-21 09:29:39,866 [INFO] IPUIPlugin:80 - create IPUIPlugin
2023-09-21 09:29:39,866 [INFO] PluginManager:220 - loadIPPluginJar : add cryp
2023-09-21 09:29:39,869 [INFO] IPUIPlugin:80 - create IPUIPlugin
2023-09-21 09:29:39,869 [INFO] PluginManager:220 - loadIPPluginJar : add aes
2023-09-21 09:29:39,873 [INFO] IPUIPlugin:80 - create IPUIPlugin
2023-09-21 09:29:39,873 [INFO] PluginManager:220 - loadIPPluginJar : add openamp
2023-09-21 09:29:39,879 [INFO] IPUIPlugin:80 - create IPUIPlugin
2023-09-21 09:29:39,880 [INFO] PluginManager:220 - loadIPPluginJar : add gpio
2023-09-21 09:29:39,882 [INFO] IPUIPlugin:80 - create IPUIPlugin
2023-09-21 09:29:39,882 [INFO] PluginManager:220 - loadIPPluginJar : add genericplugin
2023-09-21 09:29:39,886 [INFO] IPUIPlugin:80 - create IPUIPlugin
2023-09-21 09:29:39,886 [INFO] PluginManager:220 - loadIPPluginJar : add usbx
2023-09-21 09:29:39,889 [INFO] IPUIPlugin:80 - create IPUIPlugin
2023-09-21 09:29:39,889 [INFO] PluginManager:220 - loadIPPluginJar : add tracer_emb
2023-09-21 09:29:39,897 [INFO] IPUIPlugin:80 - create IPUIPlugin
2023-09-21 09:29:39,897 [INFO] PluginManager:220 - loadIPPluginJar : add linkedlist
2023-09-21 09:29:39,899 [INFO] IPUIPlugin:80 - create IPUIPlugin
2023-09-21 09:29:39,899 [INFO] PluginManager:220 - loadIPPluginJar : add ts
2023-09-21 09:29:39,902 [INFO] IPUIPlugin:80 - create IPUIPlugin
2023-09-21 09:29:39,902 [INFO] PluginManager:220 - loadIPPluginJar : add gfxmmu
2023-09-21 09:29:39,905 [INFO] IPUIPlugin:80 - create IPUIPlugin
2023-09-21 09:29:39,905 [INFO] PluginManager:220 - loadIPPluginJar : add i2c
2023-09-21 09:29:39,907 [INFO] IPUIPlugin:80 - create IPUIPlugin
2023-09-21 09:29:39,908 [INFO] PluginManager:220 - loadIPPluginJar : add lorawan
2023-09-21 09:29:39,911 [INFO] IPUIPlugin:80 - create IPUIPlugin
2023-09-21 09:29:39,912 [INFO] PluginManager:220 - loadIPPluginJar : add ipddr
2023-09-21 09:29:39,918 [INFO] IPUIPlugin:80 - create IPUIPlugin
2023-09-21 09:29:39,918 [INFO] PluginManager:220 - loadIPPluginJar : add gic
2023-09-21 09:29:39,923 [INFO] IPUIPlugin:80 - create IPUIPlugin
2023-09-21 09:29:39,923 [INFO] PluginManager:220 - loadIPPluginJar : add touchsensing
2023-09-21 09:29:39,930 [INFO] IPUIPlugin:80 - create IPUIPlugin
2023-09-21 09:29:39,930 [INFO] PluginManager:220 - loadIPPluginJar : add mdma
2023-09-21 09:29:39,933 [INFO] IPUIPlugin:80 - create IPUIPlugin
2023-09-21 09:29:39,933 [INFO] PluginManager:220 - loadIPPluginJar : add i3c
2023-09-21 09:29:39,936 [INFO] IPUIPlugin:80 - create IPUIPlugin
2023-09-21 09:29:39,936 [INFO] PluginManager:220 - loadIPPluginJar : add dma3
2023-09-21 09:29:39,939 [INFO] IPUIPlugin:80 - create IPUIPlugin
2023-09-21 09:29:39,939 [INFO] PluginManager:220 - loadIPPluginJar : add spi
2023-09-21 09:29:39,942 [INFO] IPUIPlugin:80 - create IPUIPlugin
2023-09-21 09:29:39,943 [INFO] PluginManager:220 - loadIPPluginJar : add usart
2023-09-21 09:29:39,946 [INFO] IPUIPlugin:80 - create IPUIPlugin
2023-09-21 09:29:39,946 [INFO] PluginManager:220 - loadIPPluginJar : add gtzc
2023-09-21 09:29:39,949 [INFO] IPUIPlugin:80 - create IPUIPlugin
2023-09-21 09:29:39,949 [INFO] PluginManager:220 - loadIPPluginJar : add dfsdm
2023-09-21 09:29:39,951 [INFO] IPUIPlugin:80 - create IPUIPlugin
2023-09-21 09:29:39,951 [INFO] PluginManager:220 - loadIPPluginJar : add comp
2023-09-21 09:29:39,953 [INFO] IPUIPlugin:80 - create IPUIPlugin
2023-09-21 09:29:39,954 [INFO] PluginManager:220 - loadIPPluginJar : add ltdc
2023-09-21 09:29:39,960 [INFO] IPUIPlugin:80 - create IPUIPlugin
2023-09-21 09:29:39,960 [INFO] PluginManager:220 - loadIPPluginJar : add freertos
2023-09-21 09:29:39,964 [INFO] IPUIPlugin:80 - create IPUIPlugin
2023-09-21 09:29:39,964 [INFO] PluginManager:220 - loadIPPluginJar : add sai
2023-09-21 09:29:39,966 [INFO] IPUIPlugin:80 - create IPUIPlugin
2023-09-21 09:29:39,966 [INFO] PluginManager:220 - loadIPPluginJar : add tsc
2023-09-21 09:29:39,975 [INFO] IPUIPlugin:80 - create IPUIPlugin
2023-09-21 09:29:39,978 [INFO] PluginManager:220 - loadIPPluginJar : add plateformsettings
2023-09-21 09:29:39,985 [INFO] IPUIPlugin:80 - create IPUIPlugin
2023-09-21 09:29:39,986 [INFO] PluginManager:220 - loadIPPluginJar : add fmc
2023-09-21 09:29:39,987 [INFO] IPUIPlugin:80 - create IPUIPlugin
2023-09-21 09:29:39,988 [INFO] PluginManager:220 - loadIPPluginJar : add fatfs
2023-09-21 09:29:39,989 [INFO] IPUIPlugin:80 - create IPUIPlugin
2023-09-21 09:29:39,990 [INFO] PluginManager:220 - loadIPPluginJar : add quadspi
2023-09-21 09:29:39,993 [INFO] IPUIPlugin:80 - create IPUIPlugin
2023-09-21 09:29:39,993 [INFO] PluginManager:220 - loadIPPluginJar : add opamp
2023-09-21 09:29:39,995 [INFO] IPUIPlugin:80 - create IPUIPlugin
2023-09-21 09:29:39,995 [INFO] PluginManager:220 - loadIPPluginJar : add ucpd
2023-09-21 09:29:39,998 [INFO] IPUIPlugin:80 - create IPUIPlugin
2023-09-21 09:29:39,998 [INFO] PluginManager:220 - loadIPPluginJar : add can
2023-09-21 09:29:40,000 [INFO] IPUIPlugin:80 - create IPUIPlugin
2023-09-21 09:29:40,000 [INFO] PluginManager:220 - loadIPPluginJar : add tim
2023-09-21 09:29:40,004 [INFO] IPUIPlugin:80 - create IPUIPlugin
2023-09-21 09:29:40,005 [INFO] PluginManager:220 - loadIPPluginJar : add pdm2pcm
2023-09-21 09:29:40,009 [INFO] IPUIPlugin:80 - create IPUIPlugin
2023-09-21 09:29:40,009 [INFO] PluginManager:220 - loadIPPluginJar : add resmgrutility
2023-09-21 09:29:40,012 [INFO] IPUIPlugin:80 - create IPUIPlugin
2023-09-21 09:29:40,012 [INFO] PluginManager:220 - loadIPPluginJar : add i2s
2023-09-21 09:29:40,015 [INFO] IPUIPlugin:80 - create IPUIPlugin
2023-09-21 09:29:40,015 [INFO] PluginManager:220 - loadIPPluginJar : add hash
2023-09-21 09:29:40,020 [INFO] IPUIPlugin:80 - create IPUIPlugin
2023-09-21 09:29:40,020 [INFO] PluginManager:220 - loadIPPluginJar : add nvic
2023-09-21 09:29:40,027 [INFO] IPUIPlugin:80 - create IPUIPlugin
2023-09-21 09:29:40,028 [INFO] PluginManager:220 - loadIPPluginJar : add dma
2023-09-21 09:29:40,034 [INFO] IPUIPlugin:80 - create IPUIPlugin
2023-09-21 09:29:40,034 [INFO] PluginManager:220 - loadIPPluginJar : add stm32_wpan
2023-09-21 09:29:40,041 [INFO] IPUIPlugin:80 - create IPUIPlugin
2023-09-21 09:29:40,041 [INFO] PluginManager:220 - loadIPPluginJar : add adc
2023-09-21 09:29:40,150 [INFO] CADModel:165 - CPN selected for project level
2023-09-21 09:29:40,150 [INFO] CADModel:114 - Register for checkConnection events
2023-09-21 09:29:40,151 [FATAL] Updater:308 - Updater called before beeing initialized
2023-09-21 09:29:40,151 [ERROR] CADModel:125 - Updater not yet initialized, retry later 
2023-09-21 09:29:40,341 [INFO] CADModel:165 - CPN selected for project level
2023-09-21 09:29:40,341 [INFO] CADModel:114 - Register for checkConnection events
2023-09-21 09:29:40,341 [FATAL] Updater:308 - Updater called before beeing initialized
2023-09-21 09:29:40,342 [ERROR] CADModel:125 - Updater not yet initialized, retry later 
2023-09-21 09:29:40,346 [FATAL] Updater:308 - Updater called before beeing initialized
2023-09-21 09:29:40,437 [FATAL] Updater:308 - Updater called before beeing initialized
2023-09-21 09:29:40,444 [INFO] DbMcusAds:53 - JSON generation date=Thu Sep 30 19:55:09 NZDT 2021 (1632984909247)
2023-09-21 09:29:40,444 [FATAL] Updater:308 - Updater called before beeing initialized
2023-09-21 09:29:40,509 [WARN] DetailPanel:346 - Failed to get advertising image, set to default
2023-09-21 09:29:40,650 [FATAL] Updater:308 - Updater called before beeing initialized
2023-09-21 09:29:40,652 [FATAL] Updater:308 - Updater called before beeing initialized
2023-09-21 09:29:40,652 [FATAL] Updater:308 - Updater called before beeing initialized
2023-09-21 09:29:40,653 [WARN] DetailPanel:346 - Failed to get advertising image, set to default
2023-09-21 09:29:40,654 [FATAL] Updater:308 - Updater called before beeing initialized
2023-09-21 09:29:40,685 [ERROR] Updater:1120 - MainUpdater not yet initialized. External WinMGr cannot be set.
2023-09-21 09:29:40,687 [INFO] Updater:1056 - Updater Version found : 6.9.2
2023-09-21 09:29:40,725 [INFO] ApplicationProperties:184 - Using Application install path: /home/caleb/st/stm32cubeide_1.13.2_2/plugins/com.st.stm32cube.common.mx_6.9.2.202309101412
2023-09-21 09:29:40,845 [INFO] MainUpdater:2868 - connection check result : 10
2023-09-21 09:29:40,846 [INFO] MainUpdater:285 - Updater Check For Update Now.
2023-09-21 09:29:40,847 [INFO] MicroXplorer:498 - Change Database Version : DB.6.0.92
2023-09-21 09:29:40,853 [INFO] McuFinderGlobals:63 - Set McuFinder mode to 2 (CubeIDE integrated)
2023-09-21 09:29:40,854 [INFO] UserAuth:179 - activating auth plugin
2023-09-21 09:29:40,856 [INFO] UserAuth:393 - Internet connection configuration mode: 1
2023-09-21 09:29:40,873 [INFO] JxBrowserEngine:151 - Initiate JxBrowser Engine with user profile folder
2023-09-21 09:29:41,051 [INFO] CheckServerUpdateThread:120 - End of CheckServer Thread
2023-09-21 09:29:42,499 [WARN] PackLoader:240 - Cannot read IP mode file for STMicroelectronics.X-CUBE-SMBUS.2.1.0
2023-09-21 09:29:42,550 [WARN] PackLoader:240 - Cannot read IP mode file for STMicroelectronics.X-CUBE-AZRTOS-F7.1.1.0
2023-09-21 09:29:42,566 [WARN] PackLoader:240 - Cannot read IP mode file for STMicroelectronics.FP-SNS-MOTENV1.4.3.2
2023-09-21 09:29:42,574 [WARN] PackLoader:240 - Cannot read IP mode file for STMicroelectronics.FP-SNS-FLIGHT1.5.0.2
2023-09-21 09:29:42,588 [WARN] PackLoader:240 - Cannot read IP mode file for STMicroelectronics.X-CUBE-DISPLAY.3.0.0
2023-09-21 09:29:42,608 [WARN] PackLoader:240 - Cannot read IP mode file for STMicroelectronics.X-CUBE-BLE1.7.0.0
2023-09-21 09:29:42,618 [WARN] PackLoader:240 - Cannot read IP mode file for emotas.I-CUBE-CANOPEN.1.3.0
2023-09-21 09:29:42,626 [WARN] PackLoader:240 - Cannot read IP mode file for STMicroelectronics.X-CUBE-TOUCHGFX.4.22.0
2023-09-21 09:29:42,635 [WARN] PackLoader:240 - Cannot read IP mode file for STMicroelectronics.FP-SNS-SMARTAG2.1.2.0
2023-09-21 09:29:42,662 [INFO] LogOutputStream:77 - [STDOUT_REDIRECT] 1 : Invalid condition id : UX_CORESTACK_Condition cause : null
2023-09-21 09:29:42,662 [INFO] LogOutputStream:77 - [STDOUT_REDIRECT] 1 : Invalid condition id : UX_CORESTACK_Condition cause : null
2023-09-21 09:29:42,663 [INFO] LogOutputStream:77 - [STDOUT_REDIRECT] 1 : Invalid condition id : UX_CORESTACK_Condition cause : null
2023-09-21 09:29:42,663 [INFO] LogOutputStream:77 - [STDOUT_REDIRECT] 1 : Invalid condition id : UX_CORESTACK_Condition cause : null
2023-09-21 09:29:42,663 [INFO] LogOutputStream:77 - [STDOUT_REDIRECT] 1 : Invalid condition id : UX_CORESTACK_Condition cause : null
2023-09-21 09:29:42,669 [WARN] PackLoader:240 - Cannot read IP mode file for STMicroelectronics.X-CUBE-AZRTOS-WL.2.0.0
2023-09-21 09:29:42,684 [WARN] PackLoader:240 - Cannot read IP mode file for WES.I-CUBE-Cesium.1.3.0
2023-09-21 09:29:42,696 [WARN] PackLoader:240 - Cannot read IP mode file for STMicroelectronics.X-CUBE-BLE2.3.3.0
2023-09-21 09:29:42,711 [WARN] PackLoader:240 - Cannot read IP mode file for STMicroelectronics.X-CUBE-ALGOBUILD.1.3.0
2023-09-21 09:29:42,748 [WARN] PackLoader:240 - Cannot read IP mode file for STMicroelectronics.X-CUBE-AZRTOS-G0.1.1.0
2023-09-21 09:29:42,763 [WARN] PackLoader:240 - Cannot read IP mode file for STMicroelectronics.X-CUBE-NFC4.3.0.0
2023-09-21 09:29:42,772 [WARN] PackLoader:240 - Cannot read IP mode file for STMicroelectronics.FP-ATR-SIGFOX1.3.2.0
2023-09-21 09:29:42,838 [WARN] PackLoader:240 - Cannot read IP mode file for SEGGER.I-CUBE-embOS.1.3.1
2023-09-21 09:29:42,905 [WARN] PackLoader:240 - Cannot read IP mode file for STMicroelectronics.X-CUBE-GNSS1.6.0.0
2023-09-21 09:29:42,932 [WARN] PackLoader:240 - Cannot read IP mode file for STMicroelectronics.X-CUBE-AZRTOS-F4.1.1.0
2023-09-21 09:29:42,940 [WARN] PackLoader:240 - Cannot read IP mode file for wolfSSL.I-CUBE-wolfSSL.5.6.3
2023-09-21 09:29:42,968 [WARN] PackLoader:240 - Cannot read IP mode file for STMicroelectronics.X-CUBE-AZRTOS-L5.2.0.0
2023-09-21 09:29:43,044 [WARN] PackLoader:240 - Cannot read IP mode file for STMicroelectronics.X-CUBE-MEMS1.9.6.0
2023-09-21 09:29:43,382 [WARN] PackLoader:240 - Cannot read IP mode file for STMicroelectronics.X-CUBE-BLEMGR.2.0.0
2023-09-21 09:29:43,419 [WARN] ConditionMgr:438 - getConditionDescription Invalid condition id : UX DEVICE CLASS RTOS Condition cause : null
2023-09-21 09:29:43,419 [WARN] ConditionMgr:438 - getConditionDescription Invalid condition id : UX DEVICE CLASS RTOS Condition cause : null
2023-09-21 09:29:43,424 [WARN] PackLoader:240 - Cannot read IP mode file for STMicroelectronics.X-CUBE-AZRTOS-H7.3.1.0
2023-09-21 09:29:43,425 [WARN] ConditionMgr:1039 - genDependencies : Invalid condition id : UX DEVICE CLASS RTOS Condition cause : null
2023-09-21 09:29:43,425 [WARN] ConditionMgr:1039 - genDependencies : Invalid condition id : UX DEVICE CLASS RTOS Condition cause : null
2023-09-21 09:29:43,426 [WARN] ConditionMgr:1039 - genDependencies : Invalid condition id : UX DEVICE CLASS RTOS Condition cause : null
2023-09-21 09:29:43,427 [WARN] ConditionMgr:1039 - genDependencies : Invalid condition id : UX DEVICE CLASS RTOS Condition cause : null
2023-09-21 09:29:43,427 [WARN] ConditionMgr:1039 - genDependencies : Invalid condition id : UX DEVICE CLASS RTOS Condition cause : null
2023-09-21 09:29:43,440 [WARN] PackLoader:240 - Cannot read IP mode file for STMicroelectronics.X-CUBE-NFC7.1.0.1
2023-09-21 09:29:43,462 [WARN] PackLoader:240 - Cannot read IP mode file for STMicroelectronics.X-CUBE-NFC6.3.0.0
2023-09-21 09:29:43,469 [WARN] PackLoader:240 - Cannot read IP mode file for STMicroelectronics.X-CUBE-EEPRMA1.4.1.0
2023-09-21 09:29:43,478 [WARN] PackLoader:240 - Cannot read IP mode file for STMicroelectronics.X-CUBE-AI.8.1.0
2023-09-21 09:29:43,512 [WARN] ConditionMgr:438 - getConditionDescription Invalid condition id : LAN8742 Phy interface Condition cause : null
2023-09-21 09:29:43,518 [WARN] PackLoader:240 - Cannot read IP mode file for STMicroelectronics.X-CUBE-AZRTOS-L4.2.0.0
2023-09-21 09:29:43,521 [WARN] ConditionMgr:1039 - genDependencies : Invalid condition id : LAN8742 Phy interface Condition cause : null
2023-09-21 09:29:43,521 [WARN] ConditionMgr:1039 - genDependencies : Invalid condition id : LAN8742 Phy interface Condition cause : null
2023-09-21 09:29:43,522 [WARN] ConditionMgr:1039 - genDependencies : Invalid condition id : LAN8742 Phy interface Condition cause : null
2023-09-21 09:29:43,532 [WARN] PackLoader:240 - Cannot read IP mode file for STMicroelectronics.X-CUBE-SFXS2LP1.4.0.0
2023-09-21 09:29:43,536 [WARN] PackLoader:240 - Cannot read IP mode file for STMicroelectronics.X-CUBE-ISPU.1.1.0
2023-09-21 09:29:43,555 [WARN] ConditionMgr:438 - getConditionDescription Invalid condition id : UX DEVICE CLASS RTOS Condition cause : null
2023-09-21 09:29:43,556 [WARN] ConditionMgr:438 - getConditionDescription Invalid condition id : UX DEVICE CLASS RTOS Condition cause : null
2023-09-21 09:29:43,561 [WARN] PackLoader:240 - Cannot read IP mode file for STMicroelectronics.X-CUBE-AZRTOS-WB.2.0.0
2023-09-21 09:29:43,563 [WARN] ConditionMgr:1039 - genDependencies : Invalid condition id : UX DEVICE CLASS RTOS Condition cause : null
2023-09-21 09:29:43,563 [WARN] ConditionMgr:1039 - genDependencies : Invalid condition id : UX DEVICE CLASS RTOS Condition cause : null
2023-09-21 09:29:43,564 [WARN] ConditionMgr:1039 - genDependencies : Invalid condition id : UX DEVICE CLASS RTOS Condition cause : null
2023-09-21 09:29:43,565 [WARN] ConditionMgr:1039 - genDependencies : Invalid condition id : UX DEVICE CLASS RTOS Condition cause : null
2023-09-21 09:29:43,565 [WARN] ConditionMgr:1039 - genDependencies : Invalid condition id : UX DEVICE CLASS RTOS Condition cause : null
2023-09-21 09:29:43,586 [WARN] PackLoader:240 - Cannot read IP mode file for STMicroelectronics.X-CUBE-SUBG2.5.0.0
2023-09-21 09:29:43,605 [WARN] PackLoader:240 - Cannot read IP mode file for STMicroelectronics.X-CUBE-TOF1.3.3.1
2023-09-21 09:29:43,629 [INFO] WebApp:157 - Instantiating new browser for Auth
2023-09-21 09:29:43,637 [WARN] PackLoader:240 - Cannot read IP mode file for STMicroelectronics.X-CUBE-AZRTOS-G4.2.0.0
2023-09-21 09:29:43,649 [WARN] PackLoader:240 - Cannot read IP mode file for STMicroelectronics.X-CUBE-FREERTOS.1.1.0
2023-09-21 09:29:43,661 [WARN] PackLoader:240 - Cannot read IP mode file for portGmbH.I-Cube-SoM-uGOAL.1.1.0
2023-09-21 09:29:43,667 [WARN] PackLoader:240 - Cannot read IP mode file for STMicroelectronics.X-CUBE-ALS.1.0.1
2023-09-21 09:29:43,673 [WARN] PackLoader:240 - Cannot read IP mode file for STMicroelectronics.FP-ATR-ASTRA1.2.0.0
2023-09-21 09:29:43,675 [INFO] ThirdParty:978 - Integrity check success = true
2023-09-21 09:29:43,675 [INFO] IntegrityCheckThread:100 - exiting critical section [integrity check]
2023-09-21 09:29:43,675 [INFO] IntegrityCheckThread:103 - End integrity checks thread
2023-09-21 09:29:44,850 [INFO] WebApp:753 - Register for checkConnection events
2023-09-21 09:29:44,850 [INFO] WebApp:390 - Apply proxy settings
2023-09-21 09:29:44,850 [INFO] WebApp:475 - Chromium requires no authentication
2023-09-21 09:29:44,861 [INFO] WebApp:418 - Direct internet connection detected
2023-09-21 09:29:45,059 [INFO] WebApp:188 - Starting web application
2023-09-21 09:29:45,059 [INFO] WebApp:520 - Web application path used /home/caleb/st/stm32cubeide_1.13.2_2/plugins/com.st.stm32cube.common.mx_6.9.2.202309101412/db/plugins/mcufinder/reactClient1/index.html
2023-09-21 09:30:05,910 [ERROR] LogOutputStream:75 - [STDERR_REDIRECT] SLF4J: Failed to load class "org.slf4j.impl.StaticLoggerBinder".
2023-09-21 09:30:05,911 [ERROR] LogOutputStream:75 - [STDERR_REDIRECT] SLF4J: Defaulting to no-operation (NOP) logger implementation
2023-09-21 09:30:05,912 [ERROR] LogOutputStream:75 - [STDERR_REDIRECT] SLF4J: See http://www.slf4j.org/codes.html#StaticLoggerBinder for further details.
2023-09-21 09:34:37,638 [INFO] Activator:176 - 


2023-09-21 09:34:37,641 [INFO] Activator:177 - !SESSION log4j initialized
2023-09-21 09:34:43,108 [INFO] LogOutputStream:77 - [STDOUT_REDIRECT] 
2023-09-21 09:34:43,975 [INFO] ApplicationProperties:184 - Using Application install path: /home/caleb/st/stm32cubeide_1.13.2_2/plugins/com.st.stm32cube.common.mx_6.9.2.202309101412
2023-09-21 09:34:44,004 [INFO] DbMcusXml:78 - Set database path to: /home/caleb/st/stm32cubeide_1.13.2_2/plugins/com.st.stm32cube.common.mx_6.9.2.202309101412//db//mcu/
2023-09-21 09:34:44,005 [INFO] ApiDb:274 - Set plugin database path to: /home/caleb/st/stm32cubeide_1.13.2_2/plugins/com.st.stm32cube.common.mx_6.9.2.202309101412//db//plugins/boardmanager/
2023-09-21 09:34:44,006 [WARN] ApiDb:259 - Overriding images path with different value:  => /home/caleb/st/stm32cubeide_1.13.2_2/plugins/com.st.stm32cube.common.mx_6.9.2.202309101412//db//plugins/mcufinder/images/
2023-09-21 09:34:44,025 [INFO] ApiDb:250 - Set database path to: /home/caleb/.stmcufinder/plugins/mcufinder//mcu/
2023-09-21 09:34:44,027 [INFO] DbMcusAds:125 - Set database path to: /home/caleb/.stmcufinder/plugins/mcufinder//mcu/
2023-09-21 09:34:44,031 [INFO] CrossReferenceDbSqlite:203 - Set database path to: /home/caleb/.stmcufinder/plugins/mcufinder//mcu/cs/
2023-09-21 09:34:44,262 [INFO] RulesReader:64 - Compatibility file has been processed (293 Rules)
2023-09-21 09:34:44,362 [INFO] DbMcusXml:78 - Set database path to: /home/caleb/st/stm32cubeide_1.13.2_2/plugins/com.st.stm32cube.common.mx_6.9.2.202309101412//db//mcu/
2023-09-21 09:34:44,362 [INFO] ApiDb:274 - Set plugin database path to: /home/caleb/st/stm32cubeide_1.13.2_2/plugins/com.st.stm32cube.common.mx_6.9.2.202309101412//db//plugins/boardmanager/
2023-09-21 09:34:44,363 [INFO] ApiDb:261 - Set plugin images path to: /home/caleb/st/stm32cubeide_1.13.2_2/plugins/com.st.stm32cube.common.mx_6.9.2.202309101412//db//plugins/mcufinder/images/
2023-09-21 09:34:44,363 [WARN] DbFile:41 - Overriding database path with different value: /home/caleb/.stmcufinder/plugins/mcufinder/ => /home/caleb/.stmcufinder/plugins/mcufinder
2023-09-21 09:34:44,363 [INFO] ApiDb:250 - Set database path to: /home/caleb/.stmcufinder/plugins/mcufinder//mcu/
2023-09-21 09:34:44,364 [WARN] DbFile:41 - Overriding database path with different value: /home/caleb/.stmcufinder/plugins/mcufinder/ => /home/caleb/.stmcufinder/plugins/mcufinder
2023-09-21 09:34:44,364 [INFO] DbMcusAds:125 - Set database path to: /home/caleb/.stmcufinder/plugins/mcufinder//mcu/
2023-09-21 09:34:44,364 [WARN] DbFile:41 - Overriding database path with different value: /home/caleb/.stmcufinder/plugins/mcufinder/ => /home/caleb/.stmcufinder/plugins/mcufinder
2023-09-21 09:34:44,364 [WARN] DbFile:41 - Overriding database path with different value: /home/caleb/.stmcufinder/plugins/mcufinder/ => /home/caleb/.stmcufinder/plugins/mcufinder
2023-09-21 09:34:44,365 [INFO] CrossReferenceDbSqlite:203 - Set database path to: /home/caleb/.stmcufinder/plugins/mcufinder//mcu/cs/
2023-09-21 09:34:44,500 [INFO] MainPanel:262 - HeapMemory: 268435456
2023-09-21 09:34:44,664 [INFO] DbMcusXml:78 - Set database path to: /home/caleb/st/stm32cubeide_1.13.2_2/plugins/com.st.stm32cube.common.mx_6.9.2.202309101412//db//mcu/
2023-09-21 09:34:44,665 [INFO] ApiDb:274 - Set plugin database path to: /home/caleb/st/stm32cubeide_1.13.2_2/plugins/com.st.stm32cube.common.mx_6.9.2.202309101412//db//plugins/boardmanager/
2023-09-21 09:34:44,665 [INFO] ApiDb:261 - Set plugin images path to: /home/caleb/st/stm32cubeide_1.13.2_2/plugins/com.st.stm32cube.common.mx_6.9.2.202309101412//db//plugins/mcufinder/images/
2023-09-21 09:34:44,666 [WARN] DbFile:41 - Overriding database path with different value: /home/caleb/.stmcufinder/plugins/mcufinder/ => /home/caleb/.stmcufinder/plugins/mcufinder
2023-09-21 09:34:44,666 [INFO] ApiDb:250 - Set database path to: /home/caleb/.stmcufinder/plugins/mcufinder//mcu/
2023-09-21 09:34:44,666 [WARN] DbFile:41 - Overriding database path with different value: /home/caleb/.stmcufinder/plugins/mcufinder/ => /home/caleb/.stmcufinder/plugins/mcufinder
2023-09-21 09:34:44,666 [INFO] DbMcusAds:125 - Set database path to: /home/caleb/.stmcufinder/plugins/mcufinder//mcu/
2023-09-21 09:34:44,667 [WARN] DbFile:41 - Overriding database path with different value: /home/caleb/.stmcufinder/plugins/mcufinder/ => /home/caleb/.stmcufinder/plugins/mcufinder
2023-09-21 09:34:44,667 [WARN] DbFile:41 - Overriding database path with different value: /home/caleb/.stmcufinder/plugins/mcufinder/ => /home/caleb/.stmcufinder/plugins/mcufinder
2023-09-21 09:34:44,667 [INFO] CrossReferenceDbSqlite:203 - Set database path to: /home/caleb/.stmcufinder/plugins/mcufinder//mcu/cs/
2023-09-21 09:34:44,698 [INFO] ApplicationProperties:184 - Using Application install path: /home/caleb/st/stm32cubeide_1.13.2_2/plugins/com.st.stm32cube.common.mx_6.9.2.202309101412
2023-09-21 09:34:44,700 [INFO] PluginManage:196 - Search for loadable plugins [exclusion list=, ]
2023-09-21 09:34:44,703 [INFO] PluginManage:310 - Check plugin analytics
2023-09-21 09:34:44,992 [INFO] AnalyticsPlugin:253 - Accepted Software Licenses: 
2023-09-21 09:34:44,992 [INFO] AnalyticsPlugin:255 - Accepted CMSIS Pack Licenses: 
2023-09-21 09:34:44,993 [INFO] AnalyticsPlugin:257 - Accepted Firmware Licenses: 
2023-09-21 09:34:44,997 [INFO] PluginManage:359 - Loaded plugin analytics (category:tool,tabindex:-1)
2023-09-21 09:34:44,998 [INFO] PluginManage:310 - Check plugin cadmodel
2023-09-21 09:34:45,043 [INFO] CADModel:105 - Init CAD model plugin
2023-09-21 09:34:45,044 [INFO] PluginManage:359 - Loaded plugin cadmodel (category:power,tabindex:5)
2023-09-21 09:34:45,044 [INFO] PluginManage:310 - Check plugin clock
2023-09-21 09:34:45,059 [INFO] PluginManage:359 - Loaded plugin clock (category:base,tabindex:2)
2023-09-21 09:34:45,059 [INFO] PluginManage:310 - Check plugin ddr
2023-09-21 09:34:45,062 [INFO] PluginManage:359 - Loaded plugin ddr (category:tool,tabindex:6)
2023-09-21 09:34:45,063 [INFO] PluginManage:310 - Check plugin filemanager
2023-09-21 09:34:45,265 [INFO] PluginManage:359 - Loaded plugin filemanager (category:base,tabindex:10)
2023-09-21 09:34:45,265 [INFO] PluginManage:310 - Check plugin ipmanager
2023-09-21 09:34:45,274 [INFO] PluginManage:359 - Loaded plugin ipmanager (category:base,tabindex:5)
2023-09-21 09:34:45,274 [INFO] PluginManage:310 - Check plugin lpbam
2023-09-21 09:34:45,289 [INFO] PluginManage:359 - Loaded plugin lpbam (category:base,tabindex:0)
2023-09-21 09:34:45,289 [INFO] PluginManage:310 - Check plugin memorymap
2023-09-21 09:34:45,306 [INFO] PluginManage:359 - Loaded plugin memorymap (category:base,tabindex:4)
2023-09-21 09:34:45,306 [INFO] PluginManage:310 - Check plugin pinoutandconfiguration
2023-09-21 09:34:45,318 [INFO] PluginManage:359 - Loaded plugin pinoutandconfiguration (category:base,tabindex:1)
2023-09-21 09:34:45,318 [INFO] PluginManage:310 - Check plugin pinoutconfig
2023-09-21 09:34:45,450 [WARN] SupportedApi:132 - Cannot load RTOS API schema: s4s-elt-must-match.1: The content of 'definitions' must match (annotation?, (simpleType | complexType)?, (unique | key | keyref)*)). A problem was found starting at: attribute.
2023-09-21 09:34:45,721 [INFO] PluginManage:359 - Loaded plugin pinoutconfig (category:base,tabindex:0)
2023-09-21 09:34:45,722 [INFO] PluginManage:310 - Check plugin power
2023-09-21 09:34:45,839 [INFO] PluginManage:359 - Loaded plugin power (category:power,tabindex:4)
2023-09-21 09:34:45,840 [INFO] PluginManage:310 - Check plugin projectmanager
2023-09-21 09:34:45,886 [INFO] PluginManage:359 - Loaded plugin projectmanager (category:projectmanager,tabindex:3)
2023-09-21 09:34:45,886 [INFO] PluginManage:310 - Check plugin thirdparty
2023-09-21 09:34:46,143 [INFO] PluginManage:359 - Loaded plugin thirdparty (category:base,tabindex:-1)
2023-09-21 09:34:46,143 [WARN] IntegrityCheckThread:84 - waiting for thirdparty lock release [integrity check]
2023-09-21 09:34:46,144 [INFO] IntegrityCheckThread:86 - entering critical section [integrity check]
2023-09-21 09:34:46,144 [INFO] PluginManage:310 - Check plugin tools
2023-09-21 09:34:46,144 [INFO] ThirdPartyUpdaterWithRetryManager:70 - Updater plugin not ready yet. [1/15]
2023-09-21 09:34:46,147 [INFO] PluginManage:359 - Loaded plugin tools (category:base,tabindex:7)
2023-09-21 09:34:46,147 [INFO] PluginManage:310 - Check plugin tutovideos
2023-09-21 09:34:46,336 [INFO] PluginManage:359 - Loaded plugin tutovideos (category:base,tabindex:-1)
2023-09-21 09:34:46,337 [INFO] PluginManage:310 - Check plugin updater
2023-09-21 09:34:46,351 [INFO] PluginManage:359 - Loaded plugin updater (category:base,tabindex:12)
2023-09-21 09:34:46,351 [INFO] PluginManage:310 - Check plugin userauth
2023-09-21 09:34:46,360 [INFO] UserAuth:113 - Init User Auth plugin
2023-09-21 09:34:46,361 [INFO] PluginManage:359 - Loaded plugin userauth (category:base,tabindex:14)
2023-09-21 09:34:46,361 [INFO] PluginManage:283 - PluginManage : Loaded plugins [17]
2023-09-21 09:34:46,570 [INFO] PinOutPanel:1499 - setPackage(No Configuration,No Configuration)
2023-09-21 09:34:46,706 [INFO] CADModel:165 - CPN selected for project level
2023-09-21 09:34:46,706 [INFO] CADModel:114 - Register for checkConnection events
2023-09-21 09:34:46,722 [INFO] IPUIPlugin:80 - create IPUIPlugin
2023-09-21 09:34:46,723 [INFO] PluginManager:220 - loadIPPluginJar : add cryp
2023-09-21 09:34:46,725 [INFO] IPUIPlugin:80 - create IPUIPlugin
2023-09-21 09:34:46,725 [INFO] PluginManager:220 - loadIPPluginJar : add aes
2023-09-21 09:34:46,729 [INFO] IPUIPlugin:80 - create IPUIPlugin
2023-09-21 09:34:46,729 [INFO] PluginManager:220 - loadIPPluginJar : add openamp
2023-09-21 09:34:46,736 [INFO] IPUIPlugin:80 - create IPUIPlugin
2023-09-21 09:34:46,736 [INFO] PluginManager:220 - loadIPPluginJar : add gpio
2023-09-21 09:34:46,738 [INFO] IPUIPlugin:80 - create IPUIPlugin
2023-09-21 09:34:46,739 [INFO] PluginManager:220 - loadIPPluginJar : add genericplugin
2023-09-21 09:34:46,742 [INFO] IPUIPlugin:80 - create IPUIPlugin
2023-09-21 09:34:46,743 [INFO] PluginManager:220 - loadIPPluginJar : add usbx
2023-09-21 09:34:46,745 [INFO] IPUIPlugin:80 - create IPUIPlugin
2023-09-21 09:34:46,745 [INFO] PluginManager:220 - loadIPPluginJar : add tracer_emb
2023-09-21 09:34:46,754 [INFO] IPUIPlugin:80 - create IPUIPlugin
2023-09-21 09:34:46,755 [INFO] PluginManager:220 - loadIPPluginJar : add linkedlist
2023-09-21 09:34:46,757 [INFO] IPUIPlugin:80 - create IPUIPlugin
2023-09-21 09:34:46,757 [INFO] PluginManager:220 - loadIPPluginJar : add ts
2023-09-21 09:34:46,761 [INFO] IPUIPlugin:80 - create IPUIPlugin
2023-09-21 09:34:46,761 [INFO] PluginManager:220 - loadIPPluginJar : add gfxmmu
2023-09-21 09:34:46,764 [INFO] IPUIPlugin:80 - create IPUIPlugin
2023-09-21 09:34:46,764 [INFO] PluginManager:220 - loadIPPluginJar : add i2c
2023-09-21 09:34:46,767 [INFO] IPUIPlugin:80 - create IPUIPlugin
2023-09-21 09:34:46,767 [INFO] PluginManager:220 - loadIPPluginJar : add lorawan
2023-09-21 09:34:46,772 [INFO] IPUIPlugin:80 - create IPUIPlugin
2023-09-21 09:34:46,772 [INFO] PluginManager:220 - loadIPPluginJar : add ipddr
2023-09-21 09:34:46,778 [INFO] IPUIPlugin:80 - create IPUIPlugin
2023-09-21 09:34:46,778 [INFO] PluginManager:220 - loadIPPluginJar : add gic
2023-09-21 09:34:46,782 [INFO] IPUIPlugin:80 - create IPUIPlugin
2023-09-21 09:34:46,782 [INFO] PluginManager:220 - loadIPPluginJar : add touchsensing
2023-09-21 09:34:46,790 [INFO] IPUIPlugin:80 - create IPUIPlugin
2023-09-21 09:34:46,791 [INFO] PluginManager:220 - loadIPPluginJar : add mdma
2023-09-21 09:34:46,794 [INFO] IPUIPlugin:80 - create IPUIPlugin
2023-09-21 09:34:46,794 [INFO] PluginManager:220 - loadIPPluginJar : add i3c
2023-09-21 09:34:46,796 [INFO] IPUIPlugin:80 - create IPUIPlugin
2023-09-21 09:34:46,797 [INFO] PluginManager:220 - loadIPPluginJar : add dma3
2023-09-21 09:34:46,799 [INFO] IPUIPlugin:80 - create IPUIPlugin
2023-09-21 09:34:46,799 [INFO] PluginManager:220 - loadIPPluginJar : add spi
2023-09-21 09:34:46,803 [INFO] IPUIPlugin:80 - create IPUIPlugin
2023-09-21 09:34:46,803 [INFO] PluginManager:220 - loadIPPluginJar : add usart
2023-09-21 09:34:46,806 [INFO] IPUIPlugin:80 - create IPUIPlugin
2023-09-21 09:34:46,807 [INFO] PluginManager:220 - loadIPPluginJar : add gtzc
2023-09-21 09:34:46,809 [INFO] IPUIPlugin:80 - create IPUIPlugin
2023-09-21 09:34:46,809 [INFO] PluginManager:220 - loadIPPluginJar : add dfsdm
2023-09-21 09:34:46,811 [INFO] IPUIPlugin:80 - create IPUIPlugin
2023-09-21 09:34:46,811 [INFO] PluginManager:220 - loadIPPluginJar : add comp
2023-09-21 09:34:46,813 [INFO] IPUIPlugin:80 - create IPUIPlugin
2023-09-21 09:34:46,813 [INFO] PluginManager:220 - loadIPPluginJar : add ltdc
2023-09-21 09:34:46,820 [INFO] IPUIPlugin:80 - create IPUIPlugin
2023-09-21 09:34:46,820 [INFO] PluginManager:220 - loadIPPluginJar : add freertos
2023-09-21 09:34:46,824 [INFO] IPUIPlugin:80 - create IPUIPlugin
2023-09-21 09:34:46,824 [INFO] PluginManager:220 - loadIPPluginJar : add sai
2023-09-21 09:34:46,826 [INFO] IPUIPlugin:80 - create IPUIPlugin
2023-09-21 09:34:46,826 [INFO] PluginManager:220 - loadIPPluginJar : add tsc
2023-09-21 09:34:46,834 [INFO] IPUIPlugin:80 - create IPUIPlugin
2023-09-21 09:34:46,837 [INFO] PluginManager:220 - loadIPPluginJar : add plateformsettings
2023-09-21 09:34:46,844 [INFO] IPUIPlugin:80 - create IPUIPlugin
2023-09-21 09:34:46,845 [INFO] PluginManager:220 - loadIPPluginJar : add fmc
2023-09-21 09:34:46,846 [INFO] IPUIPlugin:80 - create IPUIPlugin
2023-09-21 09:34:46,847 [INFO] PluginManager:220 - loadIPPluginJar : add fatfs
2023-09-21 09:34:46,848 [INFO] IPUIPlugin:80 - create IPUIPlugin
2023-09-21 09:34:46,849 [INFO] PluginManager:220 - loadIPPluginJar : add quadspi
2023-09-21 09:34:46,853 [INFO] IPUIPlugin:80 - create IPUIPlugin
2023-09-21 09:34:46,854 [INFO] PluginManager:220 - loadIPPluginJar : add opamp
2023-09-21 09:34:46,856 [INFO] IPUIPlugin:80 - create IPUIPlugin
2023-09-21 09:34:46,856 [INFO] PluginManager:220 - loadIPPluginJar : add ucpd
2023-09-21 09:34:46,860 [INFO] IPUIPlugin:80 - create IPUIPlugin
2023-09-21 09:34:46,860 [INFO] PluginManager:220 - loadIPPluginJar : add can
2023-09-21 09:34:46,863 [INFO] IPUIPlugin:80 - create IPUIPlugin
2023-09-21 09:34:46,863 [INFO] PluginManager:220 - loadIPPluginJar : add tim
2023-09-21 09:34:46,867 [INFO] IPUIPlugin:80 - create IPUIPlugin
2023-09-21 09:34:46,868 [INFO] PluginManager:220 - loadIPPluginJar : add pdm2pcm
2023-09-21 09:34:46,873 [INFO] IPUIPlugin:80 - create IPUIPlugin
2023-09-21 09:34:46,873 [INFO] PluginManager:220 - loadIPPluginJar : add resmgrutility
2023-09-21 09:34:46,876 [INFO] IPUIPlugin:80 - create IPUIPlugin
2023-09-21 09:34:46,876 [INFO] PluginManager:220 - loadIPPluginJar : add i2s
2023-09-21 09:34:46,879 [INFO] IPUIPlugin:80 - create IPUIPlugin
2023-09-21 09:34:46,879 [INFO] PluginManager:220 - loadIPPluginJar : add hash
2023-09-21 09:34:46,885 [INFO] IPUIPlugin:80 - create IPUIPlugin
2023-09-21 09:34:46,885 [INFO] PluginManager:220 - loadIPPluginJar : add nvic
2023-09-21 09:34:46,895 [INFO] IPUIPlugin:80 - create IPUIPlugin
2023-09-21 09:34:46,895 [INFO] PluginManager:220 - loadIPPluginJar : add dma
2023-09-21 09:34:46,903 [INFO] IPUIPlugin:80 - create IPUIPlugin
2023-09-21 09:34:46,903 [INFO] PluginManager:220 - loadIPPluginJar : add stm32_wpan
2023-09-21 09:34:46,911 [INFO] IPUIPlugin:80 - create IPUIPlugin
2023-09-21 09:34:46,911 [INFO] PluginManager:220 - loadIPPluginJar : add adc
2023-09-21 09:34:47,024 [INFO] CADModel:165 - CPN selected for project level
2023-09-21 09:34:47,024 [INFO] CADModel:114 - Register for checkConnection events
2023-09-21 09:34:47,025 [FATAL] Updater:308 - Updater called before beeing initialized
2023-09-21 09:34:47,025 [ERROR] CADModel:125 - Updater not yet initialized, retry later 
2023-09-21 09:34:47,172 [INFO] CADModel:165 - CPN selected for project level
2023-09-21 09:34:47,172 [INFO] CADModel:114 - Register for checkConnection events
2023-09-21 09:34:47,173 [FATAL] Updater:308 - Updater called before beeing initialized
2023-09-21 09:34:47,173 [ERROR] CADModel:125 - Updater not yet initialized, retry later 
2023-09-21 09:34:47,179 [FATAL] Updater:308 - Updater called before beeing initialized
2023-09-21 09:34:47,284 [FATAL] Updater:308 - Updater called before beeing initialized
2023-09-21 09:34:47,291 [INFO] DbMcusAds:53 - JSON generation date=Thu Sep 30 19:55:09 NZDT 2021 (1632984909247)
2023-09-21 09:34:47,291 [FATAL] Updater:308 - Updater called before beeing initialized
2023-09-21 09:34:47,333 [WARN] DetailPanel:346 - Failed to get advertising image, set to default
2023-09-21 09:34:47,445 [FATAL] Updater:308 - Updater called before beeing initialized
2023-09-21 09:34:47,448 [FATAL] Updater:308 - Updater called before beeing initialized
2023-09-21 09:34:47,448 [FATAL] Updater:308 - Updater called before beeing initialized
2023-09-21 09:34:47,448 [WARN] DetailPanel:346 - Failed to get advertising image, set to default
2023-09-21 09:34:47,449 [FATAL] Updater:308 - Updater called before beeing initialized
2023-09-21 09:34:47,494 [ERROR] Updater:1120 - MainUpdater not yet initialized. External WinMGr cannot be set.
2023-09-21 09:34:47,497 [INFO] Updater:1056 - Updater Version found : 6.9.2
2023-09-21 09:34:47,536 [INFO] ApplicationProperties:184 - Using Application install path: /home/caleb/st/stm32cubeide_1.13.2_2/plugins/com.st.stm32cube.common.mx_6.9.2.202309101412
2023-09-21 09:34:47,686 [INFO] MainUpdater:2868 - connection check result : 10
2023-09-21 09:34:47,688 [INFO] MainUpdater:285 - Updater Check For Update Now.
2023-09-21 09:34:47,688 [INFO] MicroXplorer:498 - Change Database Version : DB.6.0.92
2023-09-21 09:34:47,696 [INFO] McuFinderGlobals:63 - Set McuFinder mode to 2 (CubeIDE integrated)
2023-09-21 09:34:47,697 [INFO] UserAuth:179 - activating auth plugin
2023-09-21 09:34:47,700 [INFO] UserAuth:393 - Internet connection configuration mode: 1
2023-09-21 09:34:47,718 [INFO] JxBrowserEngine:151 - Initiate JxBrowser Engine with user profile folder
2023-09-21 09:34:47,903 [INFO] CheckServerUpdateThread:120 - End of CheckServer Thread
2023-09-21 09:34:48,739 [INFO] WebApp:157 - Instantiating new browser for Auth
2023-09-21 09:34:49,322 [WARN] PackLoader:240 - Cannot read IP mode file for STMicroelectronics.X-CUBE-SMBUS.2.1.0
2023-09-21 09:34:49,372 [WARN] PackLoader:240 - Cannot read IP mode file for STMicroelectronics.X-CUBE-AZRTOS-F7.1.1.0
2023-09-21 09:34:49,389 [WARN] PackLoader:240 - Cannot read IP mode file for STMicroelectronics.FP-SNS-MOTENV1.4.3.2
2023-09-21 09:34:49,399 [WARN] PackLoader:240 - Cannot read IP mode file for STMicroelectronics.FP-SNS-FLIGHT1.5.0.2
2023-09-21 09:34:49,411 [WARN] PackLoader:240 - Cannot read IP mode file for STMicroelectronics.X-CUBE-DISPLAY.3.0.0
2023-09-21 09:34:49,427 [WARN] PackLoader:240 - Cannot read IP mode file for STMicroelectronics.X-CUBE-BLE1.7.0.0
2023-09-21 09:34:49,435 [WARN] PackLoader:240 - Cannot read IP mode file for emotas.I-CUBE-CANOPEN.1.3.0
2023-09-21 09:34:49,441 [WARN] PackLoader:240 - Cannot read IP mode file for STMicroelectronics.X-CUBE-TOUCHGFX.4.22.0
2023-09-21 09:34:49,447 [WARN] PackLoader:240 - Cannot read IP mode file for STMicroelectronics.FP-SNS-SMARTAG2.1.2.0
2023-09-21 09:34:49,462 [INFO] LogOutputStream:77 - [STDOUT_REDIRECT] 1 : Invalid condition id : UX_CORESTACK_Condition cause : null
2023-09-21 09:34:49,464 [INFO] LogOutputStream:77 - [STDOUT_REDIRECT] 1 : Invalid condition id : UX_CORESTACK_Condition cause : null
2023-09-21 09:34:49,464 [INFO] LogOutputStream:77 - [STDOUT_REDIRECT] 1 : Invalid condition id : UX_CORESTACK_Condition cause : null
2023-09-21 09:34:49,465 [INFO] LogOutputStream:77 - [STDOUT_REDIRECT] 1 : Invalid condition id : UX_CORESTACK_Condition cause : null
2023-09-21 09:34:49,465 [INFO] LogOutputStream:77 - [STDOUT_REDIRECT] 1 : Invalid condition id : UX_CORESTACK_Condition cause : null
2023-09-21 09:34:49,472 [WARN] PackLoader:240 - Cannot read IP mode file for STMicroelectronics.X-CUBE-AZRTOS-WL.2.0.0
2023-09-21 09:34:49,484 [WARN] PackLoader:240 - Cannot read IP mode file for WES.I-CUBE-Cesium.1.3.0
2023-09-21 09:34:49,492 [WARN] PackLoader:240 - Cannot read IP mode file for STMicroelectronics.X-CUBE-BLE2.3.3.0
2023-09-21 09:34:49,516 [WARN] PackLoader:240 - Cannot read IP mode file for STMicroelectronics.X-CUBE-ALGOBUILD.1.3.0
2023-09-21 09:34:49,566 [WARN] PackLoader:240 - Cannot read IP mode file for STMicroelectronics.X-CUBE-AZRTOS-G0.1.1.0
2023-09-21 09:34:49,579 [WARN] PackLoader:240 - Cannot read IP mode file for STMicroelectronics.X-CUBE-NFC4.3.0.0
2023-09-21 09:34:49,581 [INFO] WebApp:753 - Register for checkConnection events
2023-09-21 09:34:49,581 [INFO] WebApp:390 - Apply proxy settings
2023-09-21 09:34:49,582 [INFO] WebApp:475 - Chromium requires no authentication
2023-09-21 09:34:49,586 [WARN] PackLoader:240 - Cannot read IP mode file for STMicroelectronics.FP-ATR-SIGFOX1.3.2.0
2023-09-21 09:34:49,589 [INFO] WebApp:418 - Direct internet connection detected
2023-09-21 09:34:49,639 [WARN] PackLoader:240 - Cannot read IP mode file for SEGGER.I-CUBE-embOS.1.3.1
2023-09-21 09:34:49,719 [WARN] PackLoader:240 - Cannot read IP mode file for STMicroelectronics.X-CUBE-GNSS1.6.0.0
2023-09-21 09:34:49,748 [WARN] PackLoader:240 - Cannot read IP mode file for STMicroelectronics.X-CUBE-AZRTOS-F4.1.1.0
2023-09-21 09:34:49,757 [WARN] PackLoader:240 - Cannot read IP mode file for wolfSSL.I-CUBE-wolfSSL.5.6.3
2023-09-21 09:34:49,782 [WARN] PackLoader:240 - Cannot read IP mode file for STMicroelectronics.X-CUBE-AZRTOS-L5.2.0.0
2023-09-21 09:34:49,863 [WARN] PackLoader:240 - Cannot read IP mode file for STMicroelectronics.X-CUBE-MEMS1.9.6.0
2023-09-21 09:34:49,872 [INFO] WebApp:188 - Starting web application
2023-09-21 09:34:49,873 [INFO] WebApp:520 - Web application path used /home/caleb/st/stm32cubeide_1.13.2_2/plugins/com.st.stm32cube.common.mx_6.9.2.202309101412/db/plugins/mcufinder/reactClient1/index.html
2023-09-21 09:34:50,205 [WARN] PackLoader:240 - Cannot read IP mode file for STMicroelectronics.X-CUBE-BLEMGR.2.0.0
2023-09-21 09:34:50,236 [WARN] ConditionMgr:438 - getConditionDescription Invalid condition id : UX DEVICE CLASS RTOS Condition cause : null
2023-09-21 09:34:50,237 [WARN] ConditionMgr:438 - getConditionDescription Invalid condition id : UX DEVICE CLASS RTOS Condition cause : null
2023-09-21 09:34:50,243 [WARN] PackLoader:240 - Cannot read IP mode file for STMicroelectronics.X-CUBE-AZRTOS-H7.3.1.0
2023-09-21 09:34:50,244 [WARN] ConditionMgr:1039 - genDependencies : Invalid condition id : UX DEVICE CLASS RTOS Condition cause : null
2023-09-21 09:34:50,245 [WARN] ConditionMgr:1039 - genDependencies : Invalid condition id : UX DEVICE CLASS RTOS Condition cause : null
2023-09-21 09:34:50,246 [WARN] ConditionMgr:1039 - genDependencies : Invalid condition id : UX DEVICE CLASS RTOS Condition cause : null
2023-09-21 09:34:50,247 [WARN] ConditionMgr:1039 - genDependencies : Invalid condition id : UX DEVICE CLASS RTOS Condition cause : null
2023-09-21 09:34:50,247 [WARN] ConditionMgr:1039 - genDependencies : Invalid condition id : UX DEVICE CLASS RTOS Condition cause : null
2023-09-21 09:34:50,261 [WARN] PackLoader:240 - Cannot read IP mode file for STMicroelectronics.X-CUBE-NFC7.1.0.1
2023-09-21 09:34:50,273 [WARN] PackLoader:240 - Cannot read IP mode file for STMicroelectronics.X-CUBE-NFC6.3.0.0
2023-09-21 09:34:50,285 [WARN] PackLoader:240 - Cannot read IP mode file for STMicroelectronics.X-CUBE-EEPRMA1.4.1.0
2023-09-21 09:34:50,303 [WARN] PackLoader:240 - Cannot read IP mode file for STMicroelectronics.X-CUBE-AI.8.1.0
2023-09-21 09:34:50,324 [WARN] ConditionMgr:438 - getConditionDescription Invalid condition id : LAN8742 Phy interface Condition cause : null
2023-09-21 09:34:50,326 [WARN] PackLoader:240 - Cannot read IP mode file for STMicroelectronics.X-CUBE-AZRTOS-L4.2.0.0
2023-09-21 09:34:50,328 [WARN] ConditionMgr:1039 - genDependencies : Invalid condition id : LAN8742 Phy interface Condition cause : null
2023-09-21 09:34:50,329 [WARN] ConditionMgr:1039 - genDependencies : Invalid condition id : LAN8742 Phy interface Condition cause : null
2023-09-21 09:34:50,330 [WARN] ConditionMgr:1039 - genDependencies : Invalid condition id : LAN8742 Phy interface Condition cause : null
2023-09-21 09:34:50,339 [WARN] PackLoader:240 - Cannot read IP mode file for STMicroelectronics.X-CUBE-SFXS2LP1.4.0.0
2023-09-21 09:34:50,346 [WARN] PackLoader:240 - Cannot read IP mode file for STMicroelectronics.X-CUBE-ISPU.1.1.0
2023-09-21 09:34:50,363 [WARN] ConditionMgr:438 - getConditionDescription Invalid condition id : UX DEVICE CLASS RTOS Condition cause : null
2023-09-21 09:34:50,363 [WARN] ConditionMgr:438 - getConditionDescription Invalid condition id : UX DEVICE CLASS RTOS Condition cause : null
2023-09-21 09:34:50,366 [WARN] PackLoader:240 - Cannot read IP mode file for STMicroelectronics.X-CUBE-AZRTOS-WB.2.0.0
2023-09-21 09:34:50,367 [WARN] ConditionMgr:1039 - genDependencies : Invalid condition id : UX DEVICE CLASS RTOS Condition cause : null
2023-09-21 09:34:50,368 [WARN] ConditionMgr:1039 - genDependencies : Invalid condition id : UX DEVICE CLASS RTOS Condition cause : null
2023-09-21 09:34:50,368 [WARN] ConditionMgr:1039 - genDependencies : Invalid condition id : UX DEVICE CLASS RTOS Condition cause : null
2023-09-21 09:34:50,369 [WARN] ConditionMgr:1039 - genDependencies : Invalid condition id : UX DEVICE CLASS RTOS Condition cause : null
2023-09-21 09:34:50,369 [WARN] ConditionMgr:1039 - genDependencies : Invalid condition id : UX DEVICE CLASS RTOS Condition cause : null
2023-09-21 09:34:50,385 [WARN] PackLoader:240 - Cannot read IP mode file for STMicroelectronics.X-CUBE-SUBG2.5.0.0
2023-09-21 09:34:50,405 [WARN] PackLoader:240 - Cannot read IP mode file for STMicroelectronics.X-CUBE-TOF1.3.3.1
2023-09-21 09:34:50,434 [WARN] PackLoader:240 - Cannot read IP mode file for STMicroelectronics.X-CUBE-AZRTOS-G4.2.0.0
2023-09-21 09:34:50,441 [WARN] PackLoader:240 - Cannot read IP mode file for STMicroelectronics.X-CUBE-FREERTOS.1.1.0
2023-09-21 09:34:50,447 [WARN] PackLoader:240 - Cannot read IP mode file for portGmbH.I-Cube-SoM-uGOAL.1.1.0
2023-09-21 09:34:50,451 [WARN] PackLoader:240 - Cannot read IP mode file for STMicroelectronics.X-CUBE-ALS.1.0.1
2023-09-21 09:34:50,455 [WARN] PackLoader:240 - Cannot read IP mode file for STMicroelectronics.FP-ATR-ASTRA1.2.0.0
2023-09-21 09:34:50,457 [INFO] ThirdParty:978 - Integrity check success = true
2023-09-21 09:34:50,457 [INFO] IntegrityCheckThread:100 - exiting critical section [integrity check]
2023-09-21 09:34:50,458 [INFO] IntegrityCheckThread:103 - End integrity checks thread
2023-09-21 09:35:10,970 [ERROR] LogOutputStream:75 - [STDERR_REDIRECT] SLF4J: Failed to load class "org.slf4j.impl.StaticLoggerBinder".
2023-09-21 09:35:10,971 [ERROR] LogOutputStream:75 - [STDERR_REDIRECT] SLF4J: Defaulting to no-operation (NOP) logger implementation
2023-09-21 09:35:10,972 [ERROR] LogOutputStream:75 - [STDERR_REDIRECT] SLF4J: See http://www.slf4j.org/codes.html#StaticLoggerBinder for further details.
